IPv4: listen 0.0.0.0:8443
IPv6: listen :::8443
[ALPN] client offers:
 * h2
 * http/1.1
[ALPN] client offers:
 * h2
 * http/1.1
[id=1] [ 15.909] closed
[ALPN] client offers:
 * h2
 * http/1.1
[ALPN] client offers:
 * h2
 * http/1.1
The negotiated protocol: h2
[id=2] [ 15.940] send SETTINGS frame <length=6, flags=0x00, stream_id=0>
          (niv=1)
          [SETTINGS_MAX_CONCURRENT_STREAMS(0x03):100]
[id=2] [ 15.941] recv SETTINGS frame <length=24, flags=0x00, stream_id=0>
          (niv=4)
          [SETTINGS_HEADER_TABLE_SIZE(0x01):65536]
          [SETTINGS_ENABLE_PUSH(0x02):0]
          [SETTINGS_INITIAL_WINDOW_SIZE(0x04):6291456]
          [SETTINGS_MAX_HEADER_LIST_SIZE(0x06):262144]
[id=2] [ 15.941] recv WINDOW_UPDATE frame <length=4, flags=0x00, stream_id=0>
          (window_size_increment=15663105)
[id=2] [ 15.941] send SETTINGS frame <length=0, flags=0x01, stream_id=0>
          ; ACK
          (niv=0)
[id=2] [ 15.942] recv (stream_id=1) :method: GET
[id=2] [ 15.942] recv (stream_id=1) :authority: 192.168.65.4:8443
[id=2] [ 15.942] recv (stream_id=1) :scheme: https
[id=2] [ 15.942] recv (stream_id=1) :path: /
[id=2] [ 15.942] recv (stream_id=1) sec-ch-ua: "Google Chrome";v="119", "Chromium";v="119", "Not?A_Brand";v="24"
[id=2] [ 15.942] recv (stream_id=1) sec-ch-ua-mobile: ?0
[id=2] [ 15.942] recv (stream_id=1) sec-ch-ua-platform: "macOS"
[id=2] [ 15.943] recv (stream_id=1) upgrade-insecure-requests: 1
[id=2] [ 15.944] recv (stream_id=1) user-agent: Mozilla/5.0 (Macintosh; Intel Mac OS X 10_15_7) AppleWebKit/537.36 (KHTML, like Gecko) Chrome/119.0.0.0 Safari/537.36
[id=2] [ 15.944] recv (stream_id=1) accept: text/html,application/xhtml+xml,application/xml;q=0.9,image/avif,image/webp,image/apng,*/*;q=0.8,application/signed-exchange;v=b3;q=0.7
[id=2] [ 15.944] recv (stream_id=1) sec-fetch-site: none
[id=2] [ 15.944] recv (stream_id=1) sec-fetch-mode: navigate
[id=2] [ 15.945] recv (stream_id=1) sec-fetch-user: ?1
[id=2] [ 15.945] recv (stream_id=1) sec-fetch-dest: document
[id=2] [ 15.945] recv (stream_id=1) accept-encoding: gzip, deflate, br
[id=2] [ 15.947] recv (stream_id=1) accept-language: en-US,en;q=0.9
[id=2] [ 15.948] recv HEADERS frame <length=475, flags=0x25, stream_id=1>
          ; END_STREAM | END_HEADERS | PRIORITY
          (padlen=0, dep_stream_id=0, weight=256, exclusive=1)
          ; Open new stream
[id=2] [ 15.955] send HEADERS frame <length=72, flags=0x04, stream_id=1>
          ; END_HEADERS
          (padlen=0)
          ; First response header
          :status: 404
          server: nghttpd nghttp2/1.43.0
          date: Sun, 17 Dec 2023 13:29:28 GMT
          content-type: text/html; charset=UTF-8
          content-length: 147
[id=2] [ 15.955] send DATA frame <length=147, flags=0x01, stream_id=1>
          ; END_STREAM
[id=2] [ 15.956] stream_id=1 closed
[id=2] [ 15.958] recv SETTINGS frame <length=0, flags=0x01, stream_id=0>
          ; ACK
          (niv=0)
[id=2] [647.345] closed
[ALPN] client offers:
 * h2
 * http/1.1
[ALPN] client offers:
 * h2
 * http/1.1
[id=3] [659.295] closed
[ALPN] client offers:
 * h2
 * http/1.1
[ALPN] client offers:
 * h2
 * http/1.1
The negotiated protocol: h2
[id=4] [659.343] send SETTINGS frame <length=6, flags=0x00, stream_id=0>
          (niv=1)
          [SETTINGS_MAX_CONCURRENT_STREAMS(0x03):100]
[id=4] [659.344] recv SETTINGS frame <length=24, flags=0x00, stream_id=0>
          (niv=4)
          [SETTINGS_HEADER_TABLE_SIZE(0x01):65536]
          [SETTINGS_ENABLE_PUSH(0x02):0]
          [SETTINGS_INITIAL_WINDOW_SIZE(0x04):6291456]
          [SETTINGS_MAX_HEADER_LIST_SIZE(0x06):262144]
[id=4] [659.367] recv WINDOW_UPDATE frame <length=4, flags=0x00, stream_id=0>
          (window_size_increment=15663105)
[id=4] [659.369] send SETTINGS frame <length=0, flags=0x01, stream_id=0>
          ; ACK
          (niv=0)
[id=4] [659.370] recv (stream_id=1) :method: GET
[id=4] [659.371] recv (stream_id=1) :authority: 192.168.65.4:8443
[id=4] [659.371] recv (stream_id=1) :scheme: https
[id=4] [659.371] recv (stream_id=1) :path: /
[id=4] [659.385] recv (stream_id=1) sec-ch-ua: "Not_A Brand";v="8", "Chromium";v="120", "Google Chrome";v="120"
[id=4] [659.385] recv (stream_id=1) sec-ch-ua-mobile: ?0
[id=4] [659.385] recv (stream_id=1) sec-ch-ua-platform: "macOS"
[id=4] [659.385] recv (stream_id=1) dnt: 1
[id=4] [659.385] recv (stream_id=1) upgrade-insecure-requests: 1
[id=4] [659.385] recv (stream_id=1) user-agent: Mozilla/5.0 (Macintosh; Intel Mac OS X 10_15_7) AppleWebKit/537.36 (KHTML, like Gecko) Chrome/120.0.0.0 Safari/537.36
[id=4] [659.385] recv (stream_id=1) accept: text/html,application/xhtml+xml,application/xml;q=0.9,image/avif,image/webp,image/apng,*/*;q=0.8,application/signed-exchange;v=b3;q=0.7
[id=4] [659.385] recv (stream_id=1) sec-fetch-site: none
[id=4] [659.385] recv (stream_id=1) sec-fetch-mode: navigate
[id=4] [659.385] recv (stream_id=1) sec-fetch-user: ?1
[id=4] [659.385] recv (stream_id=1) sec-fetch-dest: document
[id=4] [659.385] recv (stream_id=1) accept-encoding: gzip, deflate, br
[id=4] [659.385] recv (stream_id=1) accept-language: en,zh-CN;q=0.9,zh-TW;q=0.8,zh;q=0.7
[id=4] [659.385] recv HEADERS frame <length=465, flags=0x25, stream_id=1>
          ; END_STREAM | END_HEADERS | PRIORITY
          (padlen=0, dep_stream_id=0, weight=256, exclusive=1)
          ; Open new stream
[id=4] [659.397] send HEADERS frame <length=72, flags=0x04, stream_id=1>
          ; END_HEADERS
          (padlen=0)
          ; First response header
          :status: 404
          server: nghttpd nghttp2/1.43.0
          date: Sun, 17 Dec 2023 13:40:12 GMT
          content-type: text/html; charset=UTF-8
          content-length: 147
[id=4] [659.397] send DATA frame <length=147, flags=0x01, stream_id=1>
          ; END_STREAM
[id=4] [659.398] stream_id=1 closed
[id=4] [659.399] recv SETTINGS frame <length=0, flags=0x01, stream_id=0>
          ; ACK
          (niv=0)
[id=4] [660.027] recv (stream_id=3) :method: GET
[id=4] [660.027] recv (stream_id=3) :authority: 192.168.65.4:8443
[id=4] [660.027] recv (stream_id=3) :scheme: https
[id=4] [660.028] recv (stream_id=3) :path: /favicon.ico
[id=4] [660.028] recv (stream_id=3) sec-ch-ua: "Not_A Brand";v="8", "Chromium";v="120", "Google Chrome";v="120"
[id=4] [660.028] recv (stream_id=3) dnt: 1
[id=4] [660.028] recv (stream_id=3) sec-ch-ua-mobile: ?0
[id=4] [660.028] recv (stream_id=3) user-agent: Mozilla/5.0 (Macintosh; Intel Mac OS X 10_15_7) AppleWebKit/537.36 (KHTML, like Gecko) Chrome/120.0.0.0 Safari/537.36
[id=4] [660.028] recv (stream_id=3) sec-ch-ua-platform: "macOS"
[id=4] [660.028] recv (stream_id=3) accept: image/avif,image/webp,image/apng,image/svg+xml,image/*,*/*;q=0.8
[id=4] [660.028] recv (stream_id=3) sec-fetch-site: same-origin
[id=4] [660.028] recv (stream_id=3) sec-fetch-mode: no-cors
[id=4] [660.028] recv (stream_id=3) sec-fetch-dest: image
[id=4] [660.028] recv (stream_id=3) referer: https://192.168.65.4:8443/
[id=4] [660.028] recv (stream_id=3) accept-encoding: gzip, deflate, br
[id=4] [660.029] recv (stream_id=3) accept-language: en,zh-CN;q=0.9,zh-TW;q=0.8,zh;q=0.7
[id=4] [660.029] recv HEADERS frame <length=124, flags=0x25, stream_id=3>
          ; END_STREAM | END_HEADERS | PRIORITY
          (padlen=0, dep_stream_id=0, weight=220, exclusive=1)
          ; Open new stream
[id=4] [660.085] send HEADERS frame <length=10, flags=0x04, stream_id=3>
          ; END_HEADERS
          (padlen=0)
          ; First response header
          :status: 404
          server: nghttpd nghttp2/1.43.0
          date: Sun, 17 Dec 2023 13:40:12 GMT
          content-type: text/html; charset=UTF-8
          content-length: 147
[id=4] [660.091] send DATA frame <length=147, flags=0x01, stream_id=3>
          ; END_STREAM
[id=4] [660.092] stream_id=3 closed
[id=4] [662.378] closed
