IPv6: listen :::8443
IPv4: listen 0.0.0.0:8443
[ALPN] client offers:
 * h2
 * http/1.1
[ALPN] client offers:
 * h2
 * http/1.1
[id=1] [ 11.784] closed
[ALPN] client offers:
 * h2
 * http/1.1
[ALPN] client offers:
 * h2
 * http/1.1
The negotiated protocol: h2
[id=2] [ 11.790] send SETTINGS frame <length=6, flags=0x00, stream_id=0>
          (niv=1)
          [SETTINGS_MAX_CONCURRENT_STREAMS(0x03):100]
[id=2] [ 11.790] recv SETTINGS frame <length=24, flags=0x00, stream_id=0>
          (niv=4)
          [SETTINGS_HEADER_TABLE_SIZE(0x01):65536]
          [SETTINGS_ENABLE_PUSH(0x02):0]
          [SETTINGS_INITIAL_WINDOW_SIZE(0x04):6291456]
          [SETTINGS_MAX_HEADER_LIST_SIZE(0x06):262144]
[id=2] [ 11.790] recv WINDOW_UPDATE frame <length=4, flags=0x00, stream_id=0>
          (window_size_increment=15663105)
[id=2] [ 11.790] send SETTINGS frame <length=0, flags=0x01, stream_id=0>
          ; ACK
          (niv=0)
[id=2] [ 11.790] recv (stream_id=1) :method: GET
[id=2] [ 11.790] recv (stream_id=1) :authority: 17.87.102.238:8443
[id=2] [ 11.790] recv (stream_id=1) :scheme: https
[id=2] [ 11.790] recv (stream_id=1) :path: /
[id=2] [ 11.790] recv (stream_id=1) sec-ch-ua: "Chromium";v="124", "Google Chrome";v="124", "Not-A.Brand";v="99"
[id=2] [ 11.790] recv (stream_id=1) sec-ch-ua-mobile: ?0
[id=2] [ 11.790] recv (stream_id=1) sec-ch-ua-platform: "macOS"
[id=2] [ 11.790] recv (stream_id=1) dnt: 1
[id=2] [ 11.790] recv (stream_id=1) upgrade-insecure-requests: 1
[id=2] [ 11.790] recv (stream_id=1) user-agent: Mozilla/5.0 (Macintosh; Intel Mac OS X 10_15_7) AppleWebKit/537.36 (KHTML, like Gecko) Chrome/124.0.0.0 Safari/537.36
[id=2] [ 11.790] recv (stream_id=1) accept: text/html,application/xhtml+xml,application/xml;q=0.9,image/avif,image/webp,image/apng,*/*;q=0.8,application/signed-exchange;v=b3;q=0.7
[id=2] [ 11.790] recv (stream_id=1) sec-fetch-site: none
[id=2] [ 11.790] recv (stream_id=1) sec-fetch-mode: navigate
[id=2] [ 11.790] recv (stream_id=1) sec-fetch-user: ?1
[id=2] [ 11.790] recv (stream_id=1) sec-fetch-dest: document
[id=2] [ 11.790] recv (stream_id=1) accept-encoding: gzip, deflate, br, zstd
[id=2] [ 11.790] recv (stream_id=1) accept-language: en,zh-CN;q=0.9,zh-TW;q=0.8,zh;q=0.7
[id=2] [ 11.790] recv (stream_id=1) priority: u=0, i
[id=2] [ 11.790] recv HEADERS frame <length=485, flags=0x25, stream_id=1>
          ; END_STREAM | END_HEADERS | PRIORITY
          (padlen=0, dep_stream_id=0, weight=256, exclusive=1)
          ; Open new stream
[id=2] [ 11.791] send HEADERS frame <length=72, flags=0x04, stream_id=1>
          ; END_HEADERS
          (padlen=0)
          ; First response header
          :status: 404
          server: nghttpd nghttp2/1.47.0
          date: Wed, 17 Apr 2024 09:47:52 GMT
          content-type: text/html; charset=UTF-8
          content-length: 147
[id=2] [ 11.791] send DATA frame <length=147, flags=0x01, stream_id=1>
          ; END_STREAM
[id=2] [ 11.791] stream_id=1 closed
[id=2] [ 11.791] recv SETTINGS frame <length=0, flags=0x01, stream_id=0>
          ; ACK
          (niv=0)
[ALPN] client offers:
 * h2
 * http/1.1
[ALPN] client offers:
 * h2
 * http/1.1
[id=3] [239.208] closed
[ALPN] client offers:
 * h2
 * http/1.1
[ALPN] client offers:
 * h2
 * http/1.1
[id=4] [239.242] closed
[ALPN] client offers:
 * h2
 * http/1.1
[ALPN] client offers:
 * h2
 * http/1.1
The negotiated protocol: h2
[id=5] [244.792] send SETTINGS frame <length=6, flags=0x00, stream_id=0>
          (niv=1)
          [SETTINGS_MAX_CONCURRENT_STREAMS(0x03):100]
[id=5] [244.792] recv SETTINGS frame <length=18, flags=0x00, stream_id=0>
          (niv=3)
          [SETTINGS_ENABLE_PUSH(0x02):0]
          [SETTINGS_INITIAL_WINDOW_SIZE(0x04):4194304]
          [SETTINGS_MAX_CONCURRENT_STREAMS(0x03):100]
[id=5] [244.792] recv WINDOW_UPDATE frame <length=4, flags=0x00, stream_id=0>
          (window_size_increment=10485760)
[id=5] [244.793] send SETTINGS frame <length=0, flags=0x01, stream_id=0>
          ; ACK
          (niv=0)
[id=5] [244.793] recv SETTINGS frame <length=0, flags=0x01, stream_id=0>
          ; ACK
          (niv=0)
[id=5] [244.843] recv (stream_id=1) :method: GET
[id=5] [244.843] recv (stream_id=1) :scheme: https
[id=5] [244.843] recv (stream_id=1) :path: /
[id=5] [244.843] recv (stream_id=1) :authority: 17.87.102.238:8443
[id=5] [244.843] recv (stream_id=1) accept: text/html,application/xhtml+xml,application/xml;q=0.9,*/*;q=0.8
[id=5] [244.843] recv (stream_id=1) sec-fetch-site: none
[id=5] [244.843] recv (stream_id=1) accept-encoding: gzip, deflate, br
[id=5] [244.843] recv (stream_id=1) sec-fetch-mode: navigate
[id=5] [244.843] recv (stream_id=1) user-agent: Mozilla/5.0 (Macintosh; Intel Mac OS X 10_15_7) AppleWebKit/605.1.15 (KHTML, like Gecko) Version/17.1 Safari/605.1.15
[id=5] [244.843] recv (stream_id=1) accept-language: en-US,en;q=0.9
[id=5] [244.843] recv (stream_id=1) sec-fetch-dest: document
[id=5] [244.843] recv HEADERS frame <length=245, flags=0x25, stream_id=1>
          ; END_STREAM | END_HEADERS | PRIORITY
          (padlen=0, dep_stream_id=0, weight=255, exclusive=0)
          ; Open new stream
[id=5] [244.844] send HEADERS frame <length=69, flags=0x04, stream_id=1>
          ; END_HEADERS
          (padlen=0)
          ; First response header
          :status: 404
          server: nghttpd nghttp2/1.47.0
          date: Wed, 17 Apr 2024 09:51:45 GMT
          content-type: text/html; charset=UTF-8
          content-length: 147
[id=5] [244.844] send DATA frame <length=147, flags=0x01, stream_id=1>
          ; END_STREAM
[id=5] [244.844] stream_id=1 closed
[id=5] [244.913] recv (stream_id=3) :method: GET
[id=5] [244.913] recv (stream_id=3) :scheme: https
[id=5] [244.913] recv (stream_id=3) :path: /favicon.ico
[id=5] [244.913] recv (stream_id=3) :authority: 17.87.102.238:8443
[id=5] [244.913] recv (stream_id=3) accept: */*
[id=5] [244.913] recv (stream_id=3) sec-fetch-site: same-origin
[id=5] [244.913] recv (stream_id=3) sec-fetch-dest: image
[id=5] [244.913] recv (stream_id=3) accept-language: en-US,en;q=0.9
[id=5] [244.913] recv (stream_id=3) sec-fetch-mode: no-cors
[id=5] [244.913] recv (stream_id=3) user-agent: Mozilla/5.0 (Macintosh; Intel Mac OS X 10_15_7) AppleWebKit/605.1.15 (KHTML, like Gecko) Version/17.1 Safari/605.1.15
[id=5] [244.913] recv (stream_id=3) referer: https://17.87.102.238:8443/
[id=5] [244.913] recv (stream_id=3) accept-encoding: gzip, deflate, br
[id=5] [244.913] recv HEADERS frame <length=70, flags=0x05, stream_id=3>
          ; END_STREAM | END_HEADERS
          (padlen=0)
          ; Open new stream
[id=5] [244.913] send HEADERS frame <length=10, flags=0x04, stream_id=3>
          ; END_HEADERS
          (padlen=0)
          ; First response header
          :status: 404
          server: nghttpd nghttp2/1.47.0
          date: Wed, 17 Apr 2024 09:51:45 GMT
          content-type: text/html; charset=UTF-8
          content-length: 147
[id=5] [244.913] send DATA frame <length=147, flags=0x01, stream_id=3>
          ; END_STREAM
[id=5] [244.913] stream_id=3 closed
[id=2] [354.429] recv (stream_id=3) :method: GET
[id=2] [354.429] recv (stream_id=3) :authority: 17.87.102.238:8443
[id=2] [354.429] recv (stream_id=3) :scheme: https
[id=2] [354.429] recv (stream_id=3) :path: /
[id=2] [354.429] recv (stream_id=3) cache-control: max-age=0
[id=2] [354.429] recv (stream_id=3) sec-ch-ua: "Chromium";v="124", "Google Chrome";v="124", "Not-A.Brand";v="99"
[id=2] [354.429] recv (stream_id=3) sec-ch-ua-mobile: ?0
[id=2] [354.429] recv (stream_id=3) sec-ch-ua-platform: "macOS"
[id=2] [354.429] recv (stream_id=3) dnt: 1
[id=2] [354.429] recv (stream_id=3) upgrade-insecure-requests: 1
[id=2] [354.429] recv (stream_id=3) user-agent: Mozilla/5.0 (Macintosh; Intel Mac OS X 10_15_7) AppleWebKit/537.36 (KHTML, like Gecko) Chrome/124.0.0.0 Safari/537.36
[id=2] [354.429] recv (stream_id=3) accept: text/html,application/xhtml+xml,application/xml;q=0.9,image/avif,image/webp,image/apng,*/*;q=0.8,application/signed-exchange;v=b3;q=0.7
[id=2] [354.429] recv (stream_id=3) sec-fetch-site: none
[id=2] [354.429] recv (stream_id=3) sec-fetch-mode: navigate
[id=2] [354.429] recv (stream_id=3) sec-fetch-user: ?1
[id=2] [354.429] recv (stream_id=3) sec-fetch-dest: document
[id=2] [354.430] recv (stream_id=3) accept-encoding: gzip, deflate, br, zstd
[id=2] [354.430] recv (stream_id=3) accept-language: en,zh-CN;q=0.9,zh-TW;q=0.8,zh;q=0.7
[id=2] [354.430] recv (stream_id=3) priority: u=0, i
[id=2] [354.430] recv HEADERS frame <length=32, flags=0x25, stream_id=3>
          ; END_STREAM | END_HEADERS | PRIORITY
          (padlen=0, dep_stream_id=0, weight=256, exclusive=1)
          ; Open new stream
[id=2] [354.430] send HEADERS frame <length=33, flags=0x04, stream_id=3>
          ; END_HEADERS
          (padlen=0)
          ; First response header
          :status: 404
          server: nghttpd nghttp2/1.47.0
          date: Wed, 17 Apr 2024 09:53:34 GMT
          content-type: text/html; charset=UTF-8
          content-length: 147
[id=2] [354.430] send DATA frame <length=147, flags=0x01, stream_id=3>
          ; END_STREAM
[id=2] [354.430] stream_id=3 closed
[id=2] [354.430] recv PING frame <length=8, flags=0x00, stream_id=0>
          (opaque_data=0000000000000001)
[id=2] [354.430] send PING frame <length=8, flags=0x01, stream_id=0>
          ; ACK
          (opaque_data=0000000000000001)
[id=2] [354.432] recv WINDOW_UPDATE frame <length=4, flags=0x00, stream_id=0>
          (window_size_increment=294)
[id=2] [356.900] recv (stream_id=5) :method: GET
[id=2] [356.900] recv (stream_id=5) :authority: 17.87.102.238:8443
[id=2] [356.900] recv (stream_id=5) :scheme: https
[id=2] [356.900] recv (stream_id=5) :path: /
[id=2] [356.900] recv (stream_id=5) cache-control: max-age=0
[id=2] [356.900] recv (stream_id=5) sec-ch-ua: "Chromium";v="124", "Google Chrome";v="124", "Not-A.Brand";v="99"
[id=2] [356.900] recv (stream_id=5) sec-ch-ua-mobile: ?0
[id=2] [356.900] recv (stream_id=5) sec-ch-ua-platform: "macOS"
[id=2] [356.900] recv (stream_id=5) dnt: 1
[id=2] [356.900] recv (stream_id=5) upgrade-insecure-requests: 1
[id=2] [356.900] recv (stream_id=5) user-agent: Mozilla/5.0 (Macintosh; Intel Mac OS X 10_15_7) AppleWebKit/537.36 (KHTML, like Gecko) Chrome/124.0.0.0 Safari/537.36
[id=2] [356.900] recv (stream_id=5) accept: text/html,application/xhtml+xml,application/xml;q=0.9,image/avif,image/webp,image/apng,*/*;q=0.8,application/signed-exchange;v=b3;q=0.7
[id=2] [356.900] recv (stream_id=5) sec-fetch-site: none
[id=2] [356.900] recv (stream_id=5) sec-fetch-mode: navigate
[id=2] [356.900] recv (stream_id=5) sec-fetch-user: ?1
[id=2] [356.900] recv (stream_id=5) sec-fetch-dest: document
[id=2] [356.900] recv (stream_id=5) accept-encoding: gzip, deflate, br, zstd
[id=2] [356.900] recv (stream_id=5) accept-language: en,zh-CN;q=0.9,zh-TW;q=0.8,zh;q=0.7
[id=2] [356.900] recv (stream_id=5) priority: u=0, i
[id=2] [356.900] recv HEADERS frame <length=24, flags=0x25, stream_id=5>
          ; END_STREAM | END_HEADERS | PRIORITY
          (padlen=0, dep_stream_id=0, weight=256, exclusive=1)
          ; Open new stream
[id=2] [356.900] send HEADERS frame <length=33, flags=0x04, stream_id=5>
          ; END_HEADERS
          (padlen=0)
          ; First response header
          :status: 404
          server: nghttpd nghttp2/1.47.0
          date: Wed, 17 Apr 2024 09:53:37 GMT
          content-type: text/html; charset=UTF-8
          content-length: 147
[id=2] [356.900] send DATA frame <length=147, flags=0x01, stream_id=5>
          ; END_STREAM
[id=2] [356.900] stream_id=5 closed
[id=2] [357.171] recv (stream_id=7) :method: GET
[id=2] [357.172] recv (stream_id=7) :authority: 17.87.102.238:8443
[id=2] [357.172] recv (stream_id=7) :scheme: https
[id=2] [357.172] recv (stream_id=7) :path: /
[id=2] [357.172] recv (stream_id=7) cache-control: max-age=0
[id=2] [357.172] recv (stream_id=7) sec-ch-ua: "Chromium";v="124", "Google Chrome";v="124", "Not-A.Brand";v="99"
[id=2] [357.172] recv (stream_id=7) sec-ch-ua-mobile: ?0
[id=2] [357.172] recv (stream_id=7) sec-ch-ua-platform: "macOS"
[id=2] [357.172] recv (stream_id=7) dnt: 1
[id=2] [357.172] recv (stream_id=7) upgrade-insecure-requests: 1
[id=2] [357.172] recv (stream_id=7) user-agent: Mozilla/5.0 (Macintosh; Intel Mac OS X 10_15_7) AppleWebKit/537.36 (KHTML, like Gecko) Chrome/124.0.0.0 Safari/537.36
[id=2] [357.172] recv (stream_id=7) accept: text/html,application/xhtml+xml,application/xml;q=0.9,image/avif,image/webp,image/apng,*/*;q=0.8,application/signed-exchange;v=b3;q=0.7
[id=2] [357.172] recv (stream_id=7) sec-fetch-site: none
[id=2] [357.172] recv (stream_id=7) sec-fetch-mode: navigate
[id=2] [357.172] recv (stream_id=7) sec-fetch-user: ?1
[id=2] [357.172] recv (stream_id=7) sec-fetch-dest: document
[id=2] [357.172] recv (stream_id=7) accept-encoding: gzip, deflate, br, zstd
[id=2] [357.172] recv (stream_id=7) accept-language: en,zh-CN;q=0.9,zh-TW;q=0.8,zh;q=0.7
[id=2] [357.172] recv (stream_id=7) priority: u=0, i
[id=2] [357.172] recv HEADERS frame <length=24, flags=0x25, stream_id=7>
          ; END_STREAM | END_HEADERS | PRIORITY
          (padlen=0, dep_stream_id=0, weight=256, exclusive=1)
          ; Open new stream
[id=2] [357.172] send HEADERS frame <length=10, flags=0x04, stream_id=7>
          ; END_HEADERS
          (padlen=0)
          ; First response header
          :status: 404
          server: nghttpd nghttp2/1.47.0
          date: Wed, 17 Apr 2024 09:53:37 GMT
          content-type: text/html; charset=UTF-8
          content-length: 147
[id=2] [357.172] send DATA frame <length=147, flags=0x01, stream_id=7>
          ; END_STREAM
[id=2] [357.172] stream_id=7 closed
[id=2] [357.368] recv (stream_id=9) :method: GET
[id=2] [357.368] recv (stream_id=9) :authority: 17.87.102.238:8443
[id=2] [357.368] recv (stream_id=9) :scheme: https
[id=2] [357.368] recv (stream_id=9) :path: /
[id=2] [357.368] recv (stream_id=9) cache-control: max-age=0
[id=2] [357.368] recv (stream_id=9) sec-ch-ua: "Chromium";v="124", "Google Chrome";v="124", "Not-A.Brand";v="99"
[id=2] [357.368] recv (stream_id=9) sec-ch-ua-mobile: ?0
[id=2] [357.369] recv (stream_id=9) sec-ch-ua-platform: "macOS"
[id=2] [357.369] recv (stream_id=9) dnt: 1
[id=2] [357.369] recv (stream_id=9) upgrade-insecure-requests: 1
[id=2] [357.369] recv (stream_id=9) user-agent: Mozilla/5.0 (Macintosh; Intel Mac OS X 10_15_7) AppleWebKit/537.36 (KHTML, like Gecko) Chrome/124.0.0.0 Safari/537.36
[id=2] [357.369] recv (stream_id=9) accept: text/html,application/xhtml+xml,application/xml;q=0.9,image/avif,image/webp,image/apng,*/*;q=0.8,application/signed-exchange;v=b3;q=0.7
[id=2] [357.369] recv (stream_id=9) sec-fetch-site: none
[id=2] [357.369] recv (stream_id=9) sec-fetch-mode: navigate
[id=2] [357.369] recv (stream_id=9) sec-fetch-user: ?1
[id=2] [357.369] recv (stream_id=9) sec-fetch-dest: document
[id=2] [357.369] recv (stream_id=9) accept-encoding: gzip, deflate, br, zstd
[id=2] [357.369] recv (stream_id=9) accept-language: en,zh-CN;q=0.9,zh-TW;q=0.8,zh;q=0.7
[id=2] [357.369] recv (stream_id=9) priority: u=0, i
[id=2] [357.369] recv HEADERS frame <length=24, flags=0x25, stream_id=9>
          ; END_STREAM | END_HEADERS | PRIORITY
          (padlen=0, dep_stream_id=0, weight=256, exclusive=1)
          ; Open new stream
[id=2] [357.369] send HEADERS frame <length=10, flags=0x04, stream_id=9>
          ; END_HEADERS
          (padlen=0)
          ; First response header
          :status: 404
          server: nghttpd nghttp2/1.47.0
          date: Wed, 17 Apr 2024 09:53:37 GMT
          content-type: text/html; charset=UTF-8
          content-length: 147
[id=2] [357.369] send DATA frame <length=147, flags=0x01, stream_id=9>
          ; END_STREAM
[id=2] [357.369] stream_id=9 closed
[id=2] [357.570] recv (stream_id=11) :method: GET
[id=2] [357.570] recv (stream_id=11) :authority: 17.87.102.238:8443
[id=2] [357.570] recv (stream_id=11) :scheme: https
[id=2] [357.570] recv (stream_id=11) :path: /
[id=2] [357.570] recv (stream_id=11) cache-control: max-age=0
[id=2] [357.570] recv (stream_id=11) sec-ch-ua: "Chromium";v="124", "Google Chrome";v="124", "Not-A.Brand";v="99"
[id=2] [357.570] recv (stream_id=11) sec-ch-ua-mobile: ?0
[id=2] [357.570] recv (stream_id=11) sec-ch-ua-platform: "macOS"
[id=2] [357.570] recv (stream_id=11) dnt: 1
[id=2] [357.570] recv (stream_id=11) upgrade-insecure-requests: 1
[id=2] [357.570] recv (stream_id=11) user-agent: Mozilla/5.0 (Macintosh; Intel Mac OS X 10_15_7) AppleWebKit/537.36 (KHTML, like Gecko) Chrome/124.0.0.0 Safari/537.36
[id=2] [357.570] recv (stream_id=11) accept: text/html,application/xhtml+xml,application/xml;q=0.9,image/avif,image/webp,image/apng,*/*;q=0.8,application/signed-exchange;v=b3;q=0.7
[id=2] [357.571] recv (stream_id=11) sec-fetch-site: none
[id=2] [357.571] recv (stream_id=11) sec-fetch-mode: navigate
[id=2] [357.571] recv (stream_id=11) sec-fetch-user: ?1
[id=2] [357.571] recv (stream_id=11) sec-fetch-dest: document
[id=2] [357.571] recv (stream_id=11) accept-encoding: gzip, deflate, br, zstd
[id=2] [357.571] recv (stream_id=11) accept-language: en,zh-CN;q=0.9,zh-TW;q=0.8,zh;q=0.7
[id=2] [357.571] recv (stream_id=11) priority: u=0, i
[id=2] [357.571] recv HEADERS frame <length=24, flags=0x25, stream_id=11>
          ; END_STREAM | END_HEADERS | PRIORITY
          (padlen=0, dep_stream_id=0, weight=256, exclusive=1)
          ; Open new stream
[id=2] [357.571] send HEADERS frame <length=10, flags=0x04, stream_id=11>
          ; END_HEADERS
          (padlen=0)
          ; First response header
          :status: 404
          server: nghttpd nghttp2/1.47.0
          date: Wed, 17 Apr 2024 09:53:37 GMT
          content-type: text/html; charset=UTF-8
          content-length: 147
[id=2] [357.571] send DATA frame <length=147, flags=0x01, stream_id=11>
          ; END_STREAM
[id=2] [357.571] stream_id=11 closed
[ALPN] client offers:
 * h2
 * http/1.1
[ALPN] client offers:
 * h2
 * http/1.1
[ALPN] client offers:
 * h2
 * http/1.1
[ALPN] client offers:
 * h2
 * http/1.1
[id=6] [407.646] closed
[id=7] [407.647] closed
[ALPN] client offers:
 * h2
 * http/1.1
[ALPN] client offers:
 * h2
 * http/1.1
[ALPN] client offers:
 * h2
 * http/1.1
[ALPN] client offers:
 * h2
 * http/1.1
[id=8] [410.735] closed
[id=9] [410.736] closed
[ALPN] client offers:
 * h2
 * http/1.1
[ALPN] client offers:
 * h2
 * http/1.1
The negotiated protocol: h2
[id=10] [410.744] send SETTINGS frame <length=6, flags=0x00, stream_id=0>
          (niv=1)
          [SETTINGS_MAX_CONCURRENT_STREAMS(0x03):100]
[id=10] [410.744] recv SETTINGS frame <length=24, flags=0x00, stream_id=0>
          (niv=4)
          [SETTINGS_HEADER_TABLE_SIZE(0x01):65536]
          [SETTINGS_ENABLE_PUSH(0x02):0]
          [SETTINGS_INITIAL_WINDOW_SIZE(0x04):6291456]
          [SETTINGS_MAX_HEADER_LIST_SIZE(0x06):262144]
[id=10] [410.745] recv WINDOW_UPDATE frame <length=4, flags=0x00, stream_id=0>
          (window_size_increment=15663105)
[id=10] [410.745] send SETTINGS frame <length=0, flags=0x01, stream_id=0>
          ; ACK
          (niv=0)
[id=10] [410.745] recv (stream_id=1) :method: GET
[id=10] [410.745] recv (stream_id=1) :authority: 17.87.102.238:8443
[id=10] [410.745] recv (stream_id=1) :scheme: https
[id=10] [410.745] recv (stream_id=1) :path: /
[id=10] [410.745] recv (stream_id=1) cache-control: max-age=0
[id=10] [410.745] recv (stream_id=1) sec-ch-ua: "Chromium";v="124", "Google Chrome";v="124", "Not-A.Brand";v="99"
[id=10] [410.745] recv (stream_id=1) sec-ch-ua-mobile: ?0
[id=10] [410.745] recv (stream_id=1) sec-ch-ua-platform: "macOS"
[id=10] [410.745] recv (stream_id=1) upgrade-insecure-requests: 1
[id=10] [410.745] recv (stream_id=1) user-agent: Mozilla/5.0 (Macintosh; Intel Mac OS X 10_15_7) AppleWebKit/537.36 (KHTML, like Gecko) Chrome/124.0.0.0 Safari/537.36
[id=10] [410.745] recv (stream_id=1) accept: text/html,application/xhtml+xml,application/xml;q=0.9,image/avif,image/webp,image/apng,*/*;q=0.8,application/signed-exchange;v=b3;q=0.7
[id=10] [410.745] recv (stream_id=1) sec-fetch-site: none
[id=10] [410.745] recv (stream_id=1) sec-fetch-mode: navigate
[id=10] [410.745] recv (stream_id=1) sec-fetch-user: ?1
[id=10] [410.745] recv (stream_id=1) sec-fetch-dest: document
[id=10] [410.745] recv (stream_id=1) accept-encoding: gzip, deflate, br, zstd
[id=10] [410.745] recv (stream_id=1) accept-language: en-US,en;q=0.9
[id=10] [410.745] recv (stream_id=1) priority: u=0, i
[id=10] [410.745] recv HEADERS frame <length=469, flags=0x25, stream_id=1>
          ; END_STREAM | END_HEADERS | PRIORITY
          (padlen=0, dep_stream_id=0, weight=256, exclusive=1)
          ; Open new stream
[id=10] [410.745] send HEADERS frame <length=72, flags=0x04, stream_id=1>
          ; END_HEADERS
          (padlen=0)
          ; First response header
          :status: 404
          server: nghttpd nghttp2/1.47.0
          date: Wed, 17 Apr 2024 09:54:30 GMT
          content-type: text/html; charset=UTF-8
          content-length: 147
[id=10] [410.745] send DATA frame <length=147, flags=0x01, stream_id=1>
          ; END_STREAM
[id=10] [410.745] stream_id=1 closed
[id=10] [410.745] recv SETTINGS frame <length=0, flags=0x01, stream_id=0>
          ; ACK
          (niv=0)
[id=10] [410.771] recv (stream_id=3) :method: GET
[id=10] [410.771] recv (stream_id=3) :authority: 17.87.102.238:8443
[id=10] [410.771] recv (stream_id=3) :scheme: https
[id=10] [410.771] recv (stream_id=3) :path: /favicon.ico
[id=10] [410.771] recv (stream_id=3) sec-ch-ua: "Chromium";v="124", "Google Chrome";v="124", "Not-A.Brand";v="99"
[id=10] [410.771] recv (stream_id=3) sec-ch-ua-mobile: ?0
[id=10] [410.771] recv (stream_id=3) user-agent: Mozilla/5.0 (Macintosh; Intel Mac OS X 10_15_7) AppleWebKit/537.36 (KHTML, like Gecko) Chrome/124.0.0.0 Safari/537.36
[id=10] [410.771] recv (stream_id=3) sec-ch-ua-platform: "macOS"
[id=10] [410.771] recv (stream_id=3) accept: image/avif,image/webp,image/apng,image/svg+xml,image/*,*/*;q=0.8
[id=10] [410.771] recv (stream_id=3) sec-fetch-site: same-origin
[id=10] [410.771] recv (stream_id=3) sec-fetch-mode: no-cors
[id=10] [410.771] recv (stream_id=3) sec-fetch-dest: image
[id=10] [410.772] recv (stream_id=3) referer: https://17.87.102.238:8443/
[id=10] [410.772] recv (stream_id=3) accept-encoding: gzip, deflate, br, zstd
[id=10] [410.772] recv (stream_id=3) accept-language: en-US,en;q=0.9
[id=10] [410.772] recv (stream_id=3) priority: u=1, i
[id=10] [410.772] recv HEADERS frame <length=132, flags=0x25, stream_id=3>
          ; END_STREAM | END_HEADERS | PRIORITY
          (padlen=0, dep_stream_id=0, weight=220, exclusive=1)
          ; Open new stream
[id=10] [410.772] send HEADERS frame <length=33, flags=0x04, stream_id=3>
          ; END_HEADERS
          (padlen=0)
          ; First response header
          :status: 404
          server: nghttpd nghttp2/1.47.0
          date: Wed, 17 Apr 2024 09:54:31 GMT
          content-type: text/html; charset=UTF-8
          content-length: 147
[id=10] [410.772] send DATA frame <length=147, flags=0x01, stream_id=3>
          ; END_STREAM
[id=10] [410.772] stream_id=3 closed
[id=10] [423.304] recv (stream_id=5) :method: GET
[id=10] [423.304] recv (stream_id=5) :authority: 17.87.102.238:8443
[id=10] [423.304] recv (stream_id=5) :scheme: https
[id=10] [423.304] recv (stream_id=5) :path: /
[id=10] [423.304] recv (stream_id=5) cache-control: max-age=0
[id=10] [423.304] recv (stream_id=5) sec-ch-ua: "Chromium";v="124", "Google Chrome";v="124", "Not-A.Brand";v="99"
[id=10] [423.304] recv (stream_id=5) sec-ch-ua-mobile: ?0
[id=10] [423.304] recv (stream_id=5) sec-ch-ua-platform: "macOS"
[id=10] [423.304] recv (stream_id=5) upgrade-insecure-requests: 1
[id=10] [423.304] recv (stream_id=5) user-agent: Mozilla/5.0 (Macintosh; Intel Mac OS X 10_15_7) AppleWebKit/537.36 (KHTML, like Gecko) Chrome/124.0.0.0 Safari/537.36
[id=10] [423.304] recv (stream_id=5) accept: text/html,application/xhtml+xml,application/xml;q=0.9,image/avif,image/webp,image/apng,*/*;q=0.8,application/signed-exchange;v=b3;q=0.7
[id=10] [423.304] recv (stream_id=5) sec-fetch-site: none
[id=10] [423.304] recv (stream_id=5) sec-fetch-mode: navigate
[id=10] [423.304] recv (stream_id=5) sec-fetch-user: ?1
[id=10] [423.304] recv (stream_id=5) sec-fetch-dest: document
[id=10] [423.304] recv (stream_id=5) accept-encoding: gzip, deflate, br, zstd
[id=10] [423.304] recv (stream_id=5) accept-language: en-US,en;q=0.9
[id=10] [423.304] recv (stream_id=5) priority: u=0, i
[id=10] [423.304] recv HEADERS frame <length=23, flags=0x25, stream_id=5>
          ; END_STREAM | END_HEADERS | PRIORITY
          (padlen=0, dep_stream_id=0, weight=256, exclusive=1)
          ; Open new stream
[id=10] [423.304] send HEADERS frame <length=33, flags=0x04, stream_id=5>
          ; END_HEADERS
          (padlen=0)
          ; First response header
          :status: 404
          server: nghttpd nghttp2/1.47.0
          date: Wed, 17 Apr 2024 09:54:43 GMT
          content-type: text/html; charset=UTF-8
          content-length: 147
[id=10] [423.304] send DATA frame <length=147, flags=0x01, stream_id=5>
          ; END_STREAM
[id=10] [423.304] stream_id=5 closed
[id=10] [423.304] recv PING frame <length=8, flags=0x00, stream_id=0>
          (opaque_data=0000000000000001)
[id=10] [423.304] send PING frame <length=8, flags=0x01, stream_id=0>
          ; ACK
          (opaque_data=0000000000000001)
[id=10] [423.305] recv WINDOW_UPDATE frame <length=4, flags=0x00, stream_id=0>
          (window_size_increment=441)
[id=10] [424.845] recv (stream_id=7) :method: GET
[id=10] [424.846] recv (stream_id=7) :authority: 17.87.102.238:8443
[id=10] [424.846] recv (stream_id=7) :scheme: https
[id=10] [424.846] recv (stream_id=7) :path: /
[id=10] [424.846] recv (stream_id=7) cache-control: max-age=0
[id=10] [424.846] recv (stream_id=7) sec-ch-ua: "Chromium";v="124", "Google Chrome";v="124", "Not-A.Brand";v="99"
[id=10] [424.846] recv (stream_id=7) sec-ch-ua-mobile: ?0
[id=10] [424.846] recv (stream_id=7) sec-ch-ua-platform: "macOS"
[id=10] [424.846] recv (stream_id=7) upgrade-insecure-requests: 1
[id=10] [424.846] recv (stream_id=7) user-agent: Mozilla/5.0 (Macintosh; Intel Mac OS X 10_15_7) AppleWebKit/537.36 (KHTML, like Gecko) Chrome/124.0.0.0 Safari/537.36
[id=10] [424.846] recv (stream_id=7) accept: text/html,application/xhtml+xml,application/xml;q=0.9,image/avif,image/webp,image/apng,*/*;q=0.8,application/signed-exchange;v=b3;q=0.7
[id=10] [424.846] recv (stream_id=7) sec-fetch-site: none
[id=10] [424.846] recv (stream_id=7) sec-fetch-mode: navigate
[id=10] [424.846] recv (stream_id=7) sec-fetch-user: ?1
[id=10] [424.846] recv (stream_id=7) sec-fetch-dest: document
[id=10] [424.846] recv (stream_id=7) accept-encoding: gzip, deflate, br, zstd
[id=10] [424.846] recv (stream_id=7) accept-language: en-US,en;q=0.9
[id=10] [424.846] recv (stream_id=7) priority: u=0, i
[id=10] [424.846] recv HEADERS frame <length=23, flags=0x25, stream_id=7>
          ; END_STREAM | END_HEADERS | PRIORITY
          (padlen=0, dep_stream_id=0, weight=256, exclusive=1)
          ; Open new stream
[id=10] [424.846] send HEADERS frame <length=33, flags=0x04, stream_id=7>
          ; END_HEADERS
          (padlen=0)
          ; First response header
          :status: 404
          server: nghttpd nghttp2/1.47.0
          date: Wed, 17 Apr 2024 09:54:45 GMT
          content-type: text/html; charset=UTF-8
          content-length: 147
[id=10] [424.846] send DATA frame <length=147, flags=0x01, stream_id=7>
          ; END_STREAM
[id=10] [424.846] stream_id=7 closed
[id=10] [425.270] recv (stream_id=9) :method: GET
[id=10] [425.270] recv (stream_id=9) :authority: 17.87.102.238:8443
[id=10] [425.270] recv (stream_id=9) :scheme: https
[id=10] [425.270] recv (stream_id=9) :path: /
[id=10] [425.270] recv (stream_id=9) cache-control: max-age=0
[id=10] [425.270] recv (stream_id=9) sec-ch-ua: "Chromium";v="124", "Google Chrome";v="124", "Not-A.Brand";v="99"
[id=10] [425.270] recv (stream_id=9) sec-ch-ua-mobile: ?0
[id=10] [425.270] recv (stream_id=9) sec-ch-ua-platform: "macOS"
[id=10] [425.270] recv (stream_id=9) upgrade-insecure-requests: 1
[id=10] [425.270] recv (stream_id=9) user-agent: Mozilla/5.0 (Macintosh; Intel Mac OS X 10_15_7) AppleWebKit/537.36 (KHTML, like Gecko) Chrome/124.0.0.0 Safari/537.36
[id=10] [425.270] recv (stream_id=9) accept: text/html,application/xhtml+xml,application/xml;q=0.9,image/avif,image/webp,image/apng,*/*;q=0.8,application/signed-exchange;v=b3;q=0.7
[id=10] [425.270] recv (stream_id=9) sec-fetch-site: none
[id=10] [425.270] recv (stream_id=9) sec-fetch-mode: navigate
[id=10] [425.270] recv (stream_id=9) sec-fetch-user: ?1
[id=10] [425.270] recv (stream_id=9) sec-fetch-dest: document
[id=10] [425.270] recv (stream_id=9) accept-encoding: gzip, deflate, br, zstd
[id=10] [425.270] recv (stream_id=9) accept-language: en-US,en;q=0.9
[id=10] [425.270] recv (stream_id=9) priority: u=0, i
[id=10] [425.270] recv HEADERS frame <length=23, flags=0x25, stream_id=9>
          ; END_STREAM | END_HEADERS | PRIORITY
          (padlen=0, dep_stream_id=0, weight=256, exclusive=1)
          ; Open new stream
[id=10] [425.270] send HEADERS frame <length=10, flags=0x04, stream_id=9>
          ; END_HEADERS
          (padlen=0)
          ; First response header
          :status: 404
          server: nghttpd nghttp2/1.47.0
          date: Wed, 17 Apr 2024 09:54:45 GMT
          content-type: text/html; charset=UTF-8
          content-length: 147
[id=10] [425.270] send DATA frame <length=147, flags=0x01, stream_id=9>
          ; END_STREAM
[id=10] [425.270] stream_id=9 closed
[id=2] [445.239] recv (stream_id=13) :method: GET
[id=2] [445.239] recv (stream_id=13) :authority: 17.87.102.238:8443
[id=2] [445.239] recv (stream_id=13) :scheme: https
[id=2] [445.239] recv (stream_id=13) :path: /
[id=2] [445.239] recv (stream_id=13) cache-control: max-age=0
[id=2] [445.239] recv (stream_id=13) sec-ch-ua: "Chromium";v="124", "Google Chrome";v="124", "Not-A.Brand";v="99"
[id=2] [445.239] recv (stream_id=13) sec-ch-ua-mobile: ?0
[id=2] [445.239] recv (stream_id=13) sec-ch-ua-platform: "macOS"
[id=2] [445.239] recv (stream_id=13) dnt: 1
[id=2] [445.239] recv (stream_id=13) upgrade-insecure-requests: 1
[id=2] [445.239] recv (stream_id=13) user-agent: Mozilla/5.0 (Macintosh; Intel Mac OS X 10_15_7) AppleWebKit/537.36 (KHTML, like Gecko) Chrome/124.0.0.0 Safari/537.36
[id=2] [445.239] recv (stream_id=13) accept: text/html,application/xhtml+xml,application/xml;q=0.9,image/avif,image/webp,image/apng,*/*;q=0.8,application/signed-exchange;v=b3;q=0.7
[id=2] [445.239] recv (stream_id=13) sec-fetch-site: none
[id=2] [445.239] recv (stream_id=13) sec-fetch-mode: navigate
[id=2] [445.239] recv (stream_id=13) sec-fetch-user: ?1
[id=2] [445.239] recv (stream_id=13) sec-fetch-dest: document
[id=2] [445.239] recv (stream_id=13) accept-encoding: gzip, deflate, br, zstd
[id=2] [445.239] recv (stream_id=13) accept-language: en,zh-CN;q=0.9,zh-TW;q=0.8,zh;q=0.7
[id=2] [445.239] recv (stream_id=13) priority: u=0, i
[id=2] [445.239] recv HEADERS frame <length=24, flags=0x25, stream_id=13>
          ; END_STREAM | END_HEADERS | PRIORITY
          (padlen=0, dep_stream_id=0, weight=256, exclusive=1)
          ; Open new stream
[id=2] [445.239] send HEADERS frame <length=33, flags=0x04, stream_id=13>
          ; END_HEADERS
          (padlen=0)
          ; First response header
          :status: 404
          server: nghttpd nghttp2/1.47.0
          date: Wed, 17 Apr 2024 09:55:05 GMT
          content-type: text/html; charset=UTF-8
          content-length: 147
[id=2] [445.240] send DATA frame <length=147, flags=0x01, stream_id=13>
          ; END_STREAM
[id=2] [445.240] stream_id=13 closed
[id=2] [445.241] recv PING frame <length=8, flags=0x00, stream_id=0>
          (opaque_data=0000000000000002)
[id=2] [445.241] send PING frame <length=8, flags=0x01, stream_id=0>
          ; ACK
          (opaque_data=0000000000000002)
[id=2] [445.242] recv WINDOW_UPDATE frame <length=4, flags=0x00, stream_id=0>
          (window_size_increment=735)
[id=2] [445.901] recv (stream_id=15) :method: GET
[id=2] [445.901] recv (stream_id=15) :authority: 17.87.102.238:8443
[id=2] [445.901] recv (stream_id=15) :scheme: https
[id=2] [445.901] recv (stream_id=15) :path: /
[id=2] [445.901] recv (stream_id=15) cache-control: max-age=0
[id=2] [445.901] recv (stream_id=15) sec-ch-ua: "Chromium";v="124", "Google Chrome";v="124", "Not-A.Brand";v="99"
[id=2] [445.901] recv (stream_id=15) sec-ch-ua-mobile: ?0
[id=2] [445.901] recv (stream_id=15) sec-ch-ua-platform: "macOS"
[id=2] [445.901] recv (stream_id=15) dnt: 1
[id=2] [445.901] recv (stream_id=15) upgrade-insecure-requests: 1
[id=2] [445.902] recv (stream_id=15) user-agent: Mozilla/5.0 (Macintosh; Intel Mac OS X 10_15_7) AppleWebKit/537.36 (KHTML, like Gecko) Chrome/124.0.0.0 Safari/537.36
[id=2] [445.902] recv (stream_id=15) accept: text/html,application/xhtml+xml,application/xml;q=0.9,image/avif,image/webp,image/apng,*/*;q=0.8,application/signed-exchange;v=b3;q=0.7
[id=2] [445.902] recv (stream_id=15) sec-fetch-site: none
[id=2] [445.902] recv (stream_id=15) sec-fetch-mode: navigate
[id=2] [445.902] recv (stream_id=15) sec-fetch-user: ?1
[id=2] [445.902] recv (stream_id=15) sec-fetch-dest: document
[id=2] [445.902] recv (stream_id=15) accept-encoding: gzip, deflate, br, zstd
[id=2] [445.902] recv (stream_id=15) accept-language: en,zh-CN;q=0.9,zh-TW;q=0.8,zh;q=0.7
[id=2] [445.902] recv (stream_id=15) priority: u=0, i
[id=2] [445.902] recv HEADERS frame <length=24, flags=0x25, stream_id=15>
          ; END_STREAM | END_HEADERS | PRIORITY
          (padlen=0, dep_stream_id=0, weight=256, exclusive=1)
          ; Open new stream
[id=2] [445.902] send HEADERS frame <length=33, flags=0x04, stream_id=15>
          ; END_HEADERS
          (padlen=0)
          ; First response header
          :status: 404
          server: nghttpd nghttp2/1.47.0
          date: Wed, 17 Apr 2024 09:55:06 GMT
          content-type: text/html; charset=UTF-8
          content-length: 147
[id=2] [445.902] send DATA frame <length=147, flags=0x01, stream_id=15>
          ; END_STREAM
[id=2] [445.902] stream_id=15 closed
[id=2] [446.106] recv (stream_id=17) :method: GET
[id=2] [446.107] recv (stream_id=17) :authority: 17.87.102.238:8443
[id=2] [446.107] recv (stream_id=17) :scheme: https
[id=2] [446.107] recv (stream_id=17) :path: /
[id=2] [446.107] recv (stream_id=17) cache-control: max-age=0
[id=2] [446.107] recv (stream_id=17) sec-ch-ua: "Chromium";v="124", "Google Chrome";v="124", "Not-A.Brand";v="99"
[id=2] [446.107] recv (stream_id=17) sec-ch-ua-mobile: ?0
[id=2] [446.107] recv (stream_id=17) sec-ch-ua-platform: "macOS"
[id=2] [446.107] recv (stream_id=17) dnt: 1
[id=2] [446.107] recv (stream_id=17) upgrade-insecure-requests: 1
[id=2] [446.107] recv (stream_id=17) user-agent: Mozilla/5.0 (Macintosh; Intel Mac OS X 10_15_7) AppleWebKit/537.36 (KHTML, like Gecko) Chrome/124.0.0.0 Safari/537.36
[id=2] [446.107] recv (stream_id=17) accept: text/html,application/xhtml+xml,application/xml;q=0.9,image/avif,image/webp,image/apng,*/*;q=0.8,application/signed-exchange;v=b3;q=0.7
[id=2] [446.107] recv (stream_id=17) sec-fetch-site: none
[id=2] [446.107] recv (stream_id=17) sec-fetch-mode: navigate
[id=2] [446.107] recv (stream_id=17) sec-fetch-user: ?1
[id=2] [446.107] recv (stream_id=17) sec-fetch-dest: document
[id=2] [446.107] recv (stream_id=17) accept-encoding: gzip, deflate, br, zstd
[id=2] [446.107] recv (stream_id=17) accept-language: en,zh-CN;q=0.9,zh-TW;q=0.8,zh;q=0.7
[id=2] [446.107] recv (stream_id=17) priority: u=0, i
[id=2] [446.107] recv HEADERS frame <length=24, flags=0x25, stream_id=17>
          ; END_STREAM | END_HEADERS | PRIORITY
          (padlen=0, dep_stream_id=0, weight=256, exclusive=1)
          ; Open new stream
[id=2] [446.107] send HEADERS frame <length=10, flags=0x04, stream_id=17>
          ; END_HEADERS
          (padlen=0)
          ; First response header
          :status: 404
          server: nghttpd nghttp2/1.47.0
          date: Wed, 17 Apr 2024 09:55:06 GMT
          content-type: text/html; charset=UTF-8
          content-length: 147
[id=2] [446.107] send DATA frame <length=147, flags=0x01, stream_id=17>
          ; END_STREAM
[id=2] [446.107] stream_id=17 closed
[id=2] [446.307] recv (stream_id=19) :method: GET
[id=2] [446.307] recv (stream_id=19) :authority: 17.87.102.238:8443
[id=2] [446.307] recv (stream_id=19) :scheme: https
[id=2] [446.307] recv (stream_id=19) :path: /
[id=2] [446.307] recv (stream_id=19) cache-control: max-age=0
[id=2] [446.307] recv (stream_id=19) sec-ch-ua: "Chromium";v="124", "Google Chrome";v="124", "Not-A.Brand";v="99"
[id=2] [446.307] recv (stream_id=19) sec-ch-ua-mobile: ?0
[id=2] [446.307] recv (stream_id=19) sec-ch-ua-platform: "macOS"
[id=2] [446.307] recv (stream_id=19) dnt: 1
[id=2] [446.307] recv (stream_id=19) upgrade-insecure-requests: 1
[id=2] [446.307] recv (stream_id=19) user-agent: Mozilla/5.0 (Macintosh; Intel Mac OS X 10_15_7) AppleWebKit/537.36 (KHTML, like Gecko) Chrome/124.0.0.0 Safari/537.36
[id=2] [446.307] recv (stream_id=19) accept: text/html,application/xhtml+xml,application/xml;q=0.9,image/avif,image/webp,image/apng,*/*;q=0.8,application/signed-exchange;v=b3;q=0.7
[id=2] [446.307] recv (stream_id=19) sec-fetch-site: none
[id=2] [446.307] recv (stream_id=19) sec-fetch-mode: navigate
[id=2] [446.308] recv (stream_id=19) sec-fetch-user: ?1
[id=2] [446.308] recv (stream_id=19) sec-fetch-dest: document
[id=2] [446.308] recv (stream_id=19) accept-encoding: gzip, deflate, br, zstd
[id=2] [446.308] recv (stream_id=19) accept-language: en,zh-CN;q=0.9,zh-TW;q=0.8,zh;q=0.7
[id=2] [446.308] recv (stream_id=19) priority: u=0, i
[id=2] [446.308] recv HEADERS frame <length=24, flags=0x25, stream_id=19>
          ; END_STREAM | END_HEADERS | PRIORITY
          (padlen=0, dep_stream_id=0, weight=256, exclusive=1)
          ; Open new stream
[id=2] [446.308] send HEADERS frame <length=10, flags=0x04, stream_id=19>
          ; END_HEADERS
          (padlen=0)
          ; First response header
          :status: 404
          server: nghttpd nghttp2/1.47.0
          date: Wed, 17 Apr 2024 09:55:06 GMT
          content-type: text/html; charset=UTF-8
          content-length: 147
[id=2] [446.308] send DATA frame <length=147, flags=0x01, stream_id=19>
          ; END_STREAM
[id=2] [446.308] stream_id=19 closed
[id=2] [446.509] recv (stream_id=21) :method: GET
[id=2] [446.509] recv (stream_id=21) :authority: 17.87.102.238:8443
[id=2] [446.509] recv (stream_id=21) :scheme: https
[id=2] [446.509] recv (stream_id=21) :path: /
[id=2] [446.509] recv (stream_id=21) cache-control: max-age=0
[id=2] [446.509] recv (stream_id=21) sec-ch-ua: "Chromium";v="124", "Google Chrome";v="124", "Not-A.Brand";v="99"
[id=2] [446.509] recv (stream_id=21) sec-ch-ua-mobile: ?0
[id=2] [446.509] recv (stream_id=21) sec-ch-ua-platform: "macOS"
[id=2] [446.509] recv (stream_id=21) dnt: 1
[id=2] [446.509] recv (stream_id=21) upgrade-insecure-requests: 1
[id=2] [446.509] recv (stream_id=21) user-agent: Mozilla/5.0 (Macintosh; Intel Mac OS X 10_15_7) AppleWebKit/537.36 (KHTML, like Gecko) Chrome/124.0.0.0 Safari/537.36
[id=2] [446.509] recv (stream_id=21) accept: text/html,application/xhtml+xml,application/xml;q=0.9,image/avif,image/webp,image/apng,*/*;q=0.8,application/signed-exchange;v=b3;q=0.7
[id=2] [446.509] recv (stream_id=21) sec-fetch-site: none
[id=2] [446.509] recv (stream_id=21) sec-fetch-mode: navigate
[id=2] [446.509] recv (stream_id=21) sec-fetch-user: ?1
[id=2] [446.509] recv (stream_id=21) sec-fetch-dest: document
[id=2] [446.509] recv (stream_id=21) accept-encoding: gzip, deflate, br, zstd
[id=2] [446.509] recv (stream_id=21) accept-language: en,zh-CN;q=0.9,zh-TW;q=0.8,zh;q=0.7
[id=2] [446.509] recv (stream_id=21) priority: u=0, i
[id=2] [446.509] recv HEADERS frame <length=24, flags=0x25, stream_id=21>
          ; END_STREAM | END_HEADERS | PRIORITY
          (padlen=0, dep_stream_id=0, weight=256, exclusive=1)
          ; Open new stream
[id=2] [446.510] send HEADERS frame <length=10, flags=0x04, stream_id=21>
          ; END_HEADERS
          (padlen=0)
          ; First response header
          :status: 404
          server: nghttpd nghttp2/1.47.0
          date: Wed, 17 Apr 2024 09:55:06 GMT
          content-type: text/html; charset=UTF-8
          content-length: 147
[id=2] [446.510] send DATA frame <length=147, flags=0x01, stream_id=21>
          ; END_STREAM
[id=2] [446.510] stream_id=21 closed
[id=2] [446.631] recv (stream_id=23) :method: GET
[id=2] [446.631] recv (stream_id=23) :authority: 17.87.102.238:8443
[id=2] [446.631] recv (stream_id=23) :scheme: https
[id=2] [446.631] recv (stream_id=23) :path: /
[id=2] [446.631] recv (stream_id=23) cache-control: max-age=0
[id=2] [446.631] recv (stream_id=23) sec-ch-ua: "Chromium";v="124", "Google Chrome";v="124", "Not-A.Brand";v="99"
[id=2] [446.631] recv (stream_id=23) sec-ch-ua-mobile: ?0
[id=2] [446.631] recv (stream_id=23) sec-ch-ua-platform: "macOS"
[id=2] [446.631] recv (stream_id=23) dnt: 1
[id=2] [446.631] recv (stream_id=23) upgrade-insecure-requests: 1
[id=2] [446.631] recv (stream_id=23) user-agent: Mozilla/5.0 (Macintosh; Intel Mac OS X 10_15_7) AppleWebKit/537.36 (KHTML, like Gecko) Chrome/124.0.0.0 Safari/537.36
[id=2] [446.631] recv (stream_id=23) accept: text/html,application/xhtml+xml,application/xml;q=0.9,image/avif,image/webp,image/apng,*/*;q=0.8,application/signed-exchange;v=b3;q=0.7
[id=2] [446.631] recv (stream_id=23) sec-fetch-site: none
[id=2] [446.631] recv (stream_id=23) sec-fetch-mode: navigate
[id=2] [446.631] recv (stream_id=23) sec-fetch-user: ?1
[id=2] [446.631] recv (stream_id=23) sec-fetch-dest: document
[id=2] [446.631] recv (stream_id=23) accept-encoding: gzip, deflate, br, zstd
[id=2] [446.631] recv (stream_id=23) accept-language: en,zh-CN;q=0.9,zh-TW;q=0.8,zh;q=0.7
[id=2] [446.631] recv (stream_id=23) priority: u=0, i
[id=2] [446.631] recv HEADERS frame <length=24, flags=0x25, stream_id=23>
          ; END_STREAM | END_HEADERS | PRIORITY
          (padlen=0, dep_stream_id=0, weight=256, exclusive=1)
          ; Open new stream
[id=2] [446.631] send HEADERS frame <length=10, flags=0x04, stream_id=23>
          ; END_HEADERS
          (padlen=0)
          ; First response header
          :status: 404
          server: nghttpd nghttp2/1.47.0
          date: Wed, 17 Apr 2024 09:55:06 GMT
          content-type: text/html; charset=UTF-8
          content-length: 147
[id=2] [446.631] send DATA frame <length=147, flags=0x01, stream_id=23>
          ; END_STREAM
[id=2] [446.631] stream_id=23 closed
[id=2] [446.795] recv (stream_id=25) :method: GET
[id=2] [446.795] recv (stream_id=25) :authority: 17.87.102.238:8443
[id=2] [446.795] recv (stream_id=25) :scheme: https
[id=2] [446.795] recv (stream_id=25) :path: /
[id=2] [446.795] recv (stream_id=25) cache-control: max-age=0
[id=2] [446.795] recv (stream_id=25) sec-ch-ua: "Chromium";v="124", "Google Chrome";v="124", "Not-A.Brand";v="99"
[id=2] [446.795] recv (stream_id=25) sec-ch-ua-mobile: ?0
[id=2] [446.795] recv (stream_id=25) sec-ch-ua-platform: "macOS"
[id=2] [446.795] recv (stream_id=25) dnt: 1
[id=2] [446.795] recv (stream_id=25) upgrade-insecure-requests: 1
[id=2] [446.795] recv (stream_id=25) user-agent: Mozilla/5.0 (Macintosh; Intel Mac OS X 10_15_7) AppleWebKit/537.36 (KHTML, like Gecko) Chrome/124.0.0.0 Safari/537.36
[id=2] [446.795] recv (stream_id=25) accept: text/html,application/xhtml+xml,application/xml;q=0.9,image/avif,image/webp,image/apng,*/*;q=0.8,application/signed-exchange;v=b3;q=0.7
[id=2] [446.795] recv (stream_id=25) sec-fetch-site: none
[id=2] [446.795] recv (stream_id=25) sec-fetch-mode: navigate
[id=2] [446.795] recv (stream_id=25) sec-fetch-user: ?1
[id=2] [446.795] recv (stream_id=25) sec-fetch-dest: document
[id=2] [446.795] recv (stream_id=25) accept-encoding: gzip, deflate, br, zstd
[id=2] [446.795] recv (stream_id=25) accept-language: en,zh-CN;q=0.9,zh-TW;q=0.8,zh;q=0.7
[id=2] [446.795] recv (stream_id=25) priority: u=0, i
[id=2] [446.795] recv HEADERS frame <length=24, flags=0x25, stream_id=25>
          ; END_STREAM | END_HEADERS | PRIORITY
          (padlen=0, dep_stream_id=0, weight=256, exclusive=1)
          ; Open new stream
[id=2] [446.795] send HEADERS frame <length=33, flags=0x04, stream_id=25>
          ; END_HEADERS
          (padlen=0)
          ; First response header
          :status: 404
          server: nghttpd nghttp2/1.47.0
          date: Wed, 17 Apr 2024 09:55:07 GMT
          content-type: text/html; charset=UTF-8
          content-length: 147
[id=2] [446.795] send DATA frame <length=147, flags=0x01, stream_id=25>
          ; END_STREAM
[id=2] [446.795] stream_id=25 closed
[id=2] [448.031] recv (stream_id=27) :method: GET
[id=2] [448.032] recv (stream_id=27) :authority: 17.87.102.238:8443
[id=2] [448.032] recv (stream_id=27) :scheme: https
[id=2] [448.032] recv (stream_id=27) :path: /
[id=2] [448.032] recv (stream_id=27) cache-control: max-age=0
[id=2] [448.032] recv (stream_id=27) sec-ch-ua: "Chromium";v="124", "Google Chrome";v="124", "Not-A.Brand";v="99"
[id=2] [448.032] recv (stream_id=27) sec-ch-ua-mobile: ?0
[id=2] [448.032] recv (stream_id=27) sec-ch-ua-platform: "macOS"
[id=2] [448.032] recv (stream_id=27) dnt: 1
[id=2] [448.032] recv (stream_id=27) upgrade-insecure-requests: 1
[id=2] [448.032] recv (stream_id=27) user-agent: Mozilla/5.0 (Macintosh; Intel Mac OS X 10_15_7) AppleWebKit/537.36 (KHTML, like Gecko) Chrome/124.0.0.0 Safari/537.36
[id=2] [448.032] recv (stream_id=27) accept: text/html,application/xhtml+xml,application/xml;q=0.9,image/avif,image/webp,image/apng,*/*;q=0.8,application/signed-exchange;v=b3;q=0.7
[id=2] [448.032] recv (stream_id=27) sec-fetch-site: none
[id=2] [448.032] recv (stream_id=27) sec-fetch-mode: navigate
[id=2] [448.032] recv (stream_id=27) sec-fetch-user: ?1
[id=2] [448.032] recv (stream_id=27) sec-fetch-dest: document
[id=2] [448.032] recv (stream_id=27) accept-encoding: gzip, deflate, br, zstd
[id=2] [448.032] recv (stream_id=27) accept-language: en,zh-CN;q=0.9,zh-TW;q=0.8,zh;q=0.7
[id=2] [448.032] recv (stream_id=27) priority: u=0, i
[id=2] [448.032] recv HEADERS frame <length=24, flags=0x25, stream_id=27>
          ; END_STREAM | END_HEADERS | PRIORITY
          (padlen=0, dep_stream_id=0, weight=256, exclusive=1)
          ; Open new stream
[id=2] [448.032] send HEADERS frame <length=33, flags=0x04, stream_id=27>
          ; END_HEADERS
          (padlen=0)
          ; First response header
          :status: 404
          server: nghttpd nghttp2/1.47.0
          date: Wed, 17 Apr 2024 09:55:08 GMT
          content-type: text/html; charset=UTF-8
          content-length: 147
[id=2] [448.032] send DATA frame <length=147, flags=0x01, stream_id=27>
          ; END_STREAM
[id=2] [448.032] stream_id=27 closed
[id=2] [448.937] recv (stream_id=29) :method: GET
[id=2] [448.937] recv (stream_id=29) :authority: 17.87.102.238:8443
[id=2] [448.937] recv (stream_id=29) :scheme: https
[id=2] [448.937] recv (stream_id=29) :path: /
[id=2] [448.937] recv (stream_id=29) cache-control: max-age=0
[id=2] [448.937] recv (stream_id=29) sec-ch-ua: "Chromium";v="124", "Google Chrome";v="124", "Not-A.Brand";v="99"
[id=2] [448.937] recv (stream_id=29) sec-ch-ua-mobile: ?0
[id=2] [448.937] recv (stream_id=29) sec-ch-ua-platform: "macOS"
[id=2] [448.937] recv (stream_id=29) dnt: 1
[id=2] [448.937] recv (stream_id=29) upgrade-insecure-requests: 1
[id=2] [448.937] recv (stream_id=29) user-agent: Mozilla/5.0 (Macintosh; Intel Mac OS X 10_15_7) AppleWebKit/537.36 (KHTML, like Gecko) Chrome/124.0.0.0 Safari/537.36
[id=2] [448.938] recv (stream_id=29) accept: text/html,application/xhtml+xml,application/xml;q=0.9,image/avif,image/webp,image/apng,*/*;q=0.8,application/signed-exchange;v=b3;q=0.7
[id=2] [448.938] recv (stream_id=29) sec-fetch-site: none
[id=2] [448.938] recv (stream_id=29) sec-fetch-mode: navigate
[id=2] [448.938] recv (stream_id=29) sec-fetch-user: ?1
[id=2] [448.938] recv (stream_id=29) sec-fetch-dest: document
[id=2] [448.938] recv (stream_id=29) accept-encoding: gzip, deflate, br, zstd
[id=2] [448.938] recv (stream_id=29) accept-language: en,zh-CN;q=0.9,zh-TW;q=0.8,zh;q=0.7
[id=2] [448.938] recv (stream_id=29) priority: u=0, i
[id=2] [448.938] recv HEADERS frame <length=24, flags=0x25, stream_id=29>
          ; END_STREAM | END_HEADERS | PRIORITY
          (padlen=0, dep_stream_id=0, weight=256, exclusive=1)
          ; Open new stream
[id=2] [448.938] send HEADERS frame <length=33, flags=0x04, stream_id=29>
          ; END_HEADERS
          (padlen=0)
          ; First response header
          :status: 404
          server: nghttpd nghttp2/1.47.0
          date: Wed, 17 Apr 2024 09:55:09 GMT
          content-type: text/html; charset=UTF-8
          content-length: 147
[id=2] [448.938] send DATA frame <length=147, flags=0x01, stream_id=29>
          ; END_STREAM
[id=2] [448.938] stream_id=29 closed
[id=2] [475.845] recv (stream_id=31) :method: GET
[id=2] [475.845] recv (stream_id=31) :authority: 17.87.102.238:8443
[id=2] [475.845] recv (stream_id=31) :scheme: https
[id=2] [475.845] recv (stream_id=31) :path: /
[id=2] [475.845] recv (stream_id=31) sec-ch-ua: "Chromium";v="124", "Google Chrome";v="124", "Not-A.Brand";v="99"
[id=2] [475.845] recv (stream_id=31) sec-ch-ua-mobile: ?0
[id=2] [475.845] recv (stream_id=31) sec-ch-ua-platform: "macOS"
[id=2] [475.845] recv (stream_id=31) dnt: 1
[id=2] [475.845] recv (stream_id=31) upgrade-insecure-requests: 1
[id=2] [475.845] recv (stream_id=31) user-agent: Mozilla/5.0 (Macintosh; Intel Mac OS X 10_15_7) AppleWebKit/537.36 (KHTML, like Gecko) Chrome/124.0.0.0 Safari/537.36
[id=2] [475.845] recv (stream_id=31) accept: text/html,application/xhtml+xml,application/xml;q=0.9,image/avif,image/webp,image/apng,*/*;q=0.8,application/signed-exchange;v=b3;q=0.7
[id=2] [475.845] recv (stream_id=31) sec-fetch-site: none
[id=2] [475.845] recv (stream_id=31) sec-fetch-mode: navigate
[id=2] [475.845] recv (stream_id=31) sec-fetch-user: ?1
[id=2] [475.845] recv (stream_id=31) sec-fetch-dest: document
[id=2] [475.845] recv (stream_id=31) accept-encoding: gzip, deflate, br, zstd
[id=2] [475.845] recv (stream_id=31) accept-language: en,zh-CN;q=0.9,zh-TW;q=0.8,zh;q=0.7
[id=2] [475.845] recv (stream_id=31) priority: u=0, i
[id=2] [475.845] recv HEADERS frame <length=23, flags=0x25, stream_id=31>
          ; END_STREAM | END_HEADERS | PRIORITY
          (padlen=0, dep_stream_id=0, weight=256, exclusive=1)
          ; Open new stream
[id=2] [475.845] send HEADERS frame <length=33, flags=0x04, stream_id=31>
          ; END_HEADERS
          (padlen=0)
          ; First response header
          :status: 404
          server: nghttpd nghttp2/1.47.0
          date: Wed, 17 Apr 2024 09:55:36 GMT
          content-type: text/html; charset=UTF-8
          content-length: 147
[id=2] [475.845] send DATA frame <length=147, flags=0x01, stream_id=31>
          ; END_STREAM
[id=2] [475.845] stream_id=31 closed
[id=2] [475.846] recv PING frame <length=8, flags=0x00, stream_id=0>
          (opaque_data=0000000000000003)
[id=2] [475.846] send PING frame <length=8, flags=0x01, stream_id=0>
          ; ACK
          (opaque_data=0000000000000003)
[id=2] [475.848] recv WINDOW_UPDATE frame <length=4, flags=0x00, stream_id=0>
          (window_size_increment=1323)
[ALPN] client offers:
 * h2
 * http/1.1
[ALPN] client offers:
 * h2
 * http/1.1
[id=11] [482.573] closed
[ALPN] client offers:
 * h2
 * http/1.1
[ALPN] client offers:
 * h2
 * http/1.1
[id=12] [482.904] closed
[ALPN] client offers:
 * h2
 * http/1.1
[ALPN] client offers:
 * h2
 * http/1.1
The negotiated protocol: h2
[id=13] [482.908] send SETTINGS frame <length=6, flags=0x00, stream_id=0>
          (niv=1)
          [SETTINGS_MAX_CONCURRENT_STREAMS(0x03):100]
[id=13] [482.908] recv SETTINGS frame <length=24, flags=0x00, stream_id=0>
          (niv=4)
          [SETTINGS_HEADER_TABLE_SIZE(0x01):65536]
          [SETTINGS_ENABLE_PUSH(0x02):0]
          [SETTINGS_INITIAL_WINDOW_SIZE(0x04):6291456]
          [SETTINGS_MAX_HEADER_LIST_SIZE(0x06):262144]
[id=13] [482.908] recv WINDOW_UPDATE frame <length=4, flags=0x00, stream_id=0>
          (window_size_increment=15663105)
[id=13] [482.908] send SETTINGS frame <length=0, flags=0x01, stream_id=0>
          ; ACK
          (niv=0)
[id=13] [482.908] recv (stream_id=1) :method: GET
[id=13] [482.908] recv (stream_id=1) :authority: 17.87.102.238:8443
[id=13] [482.908] recv (stream_id=1) :scheme: https
[id=13] [482.908] recv (stream_id=1) :path: /
[id=13] [482.908] recv (stream_id=1) sec-ch-ua: "Chromium";v="124", "Google Chrome";v="124", "Not-A.Brand";v="99"
[id=13] [482.909] recv (stream_id=1) sec-ch-ua-mobile: ?0
[id=13] [482.909] recv (stream_id=1) sec-ch-ua-platform: "macOS"
[id=13] [482.909] recv (stream_id=1) dnt: 1
[id=13] [482.909] recv (stream_id=1) upgrade-insecure-requests: 1
[id=13] [482.909] recv (stream_id=1) user-agent: Mozilla/5.0 (Macintosh; Intel Mac OS X 10_15_7) AppleWebKit/537.36 (KHTML, like Gecko) Chrome/124.0.0.0 Safari/537.36
[id=13] [482.909] recv (stream_id=1) accept: text/html,application/xhtml+xml,application/xml;q=0.9,image/avif,image/webp,image/apng,*/*;q=0.8,application/signed-exchange;v=b3;q=0.7
[id=13] [482.909] recv (stream_id=1) sec-fetch-site: none
[id=13] [482.909] recv (stream_id=1) sec-fetch-mode: navigate
[id=13] [482.909] recv (stream_id=1) sec-fetch-user: ?1
[id=13] [482.909] recv (stream_id=1) sec-fetch-dest: document
[id=13] [482.909] recv (stream_id=1) accept-encoding: gzip, deflate, br, zstd
[id=13] [482.909] recv (stream_id=1) accept-language: en
[id=13] [482.909] recv (stream_id=1) priority: u=0, i
[id=13] [482.909] recv HEADERS frame <length=458, flags=0x25, stream_id=1>
          ; END_STREAM | END_HEADERS | PRIORITY
          (padlen=0, dep_stream_id=0, weight=256, exclusive=1)
          ; Open new stream
[id=13] [482.909] send HEADERS frame <length=72, flags=0x04, stream_id=1>
          ; END_HEADERS
          (padlen=0)
          ; First response header
          :status: 404
          server: nghttpd nghttp2/1.47.0
          date: Wed, 17 Apr 2024 09:55:43 GMT
          content-type: text/html; charset=UTF-8
          content-length: 147
[id=13] [482.909] send DATA frame <length=147, flags=0x01, stream_id=1>
          ; END_STREAM
[id=13] [482.909] stream_id=1 closed
[id=13] [482.909] recv SETTINGS frame <length=0, flags=0x01, stream_id=0>
          ; ACK
          (niv=0)
[id=5] [484.798] recv GOAWAY frame <length=8, flags=0x00, stream_id=0>
          (last_stream_id=0, error_code=NO_ERROR(0x00), opaque_data(0)=[])
[id=5] [484.798] closed
[id=13] [495.447] closed
[ALPN] client offers:
 * h2
 * http/1.1
[ALPN] client offers:
 * h2
 * http/1.1
[id=14] [506.507] closed
[ALPN] client offers:
 * h2
 * http/1.1
[ALPN] client offers:
 * h2
 * http/1.1
[id=15] [510.096] closed
[ALPN] client offers:
 * h2
 * http/1.1
[ALPN] client offers:
 * h2
 * http/1.1
The negotiated protocol: h2
[id=16] [510.104] send SETTINGS frame <length=6, flags=0x00, stream_id=0>
          (niv=1)
          [SETTINGS_MAX_CONCURRENT_STREAMS(0x03):100]
[id=16] [510.104] recv SETTINGS frame <length=24, flags=0x00, stream_id=0>
          (niv=4)
          [SETTINGS_HEADER_TABLE_SIZE(0x01):65536]
          [SETTINGS_ENABLE_PUSH(0x02):0]
          [SETTINGS_INITIAL_WINDOW_SIZE(0x04):6291456]
          [SETTINGS_MAX_HEADER_LIST_SIZE(0x06):262144]
[id=16] [510.104] recv WINDOW_UPDATE frame <length=4, flags=0x00, stream_id=0>
          (window_size_increment=15663105)
[id=16] [510.104] send SETTINGS frame <length=0, flags=0x01, stream_id=0>
          ; ACK
          (niv=0)
[id=16] [510.104] recv (stream_id=1) :method: GET
[id=16] [510.104] recv (stream_id=1) :authority: 17.87.102.238:8443
[id=16] [510.104] recv (stream_id=1) :scheme: https
[id=16] [510.104] recv (stream_id=1) :path: /
[id=16] [510.104] recv (stream_id=1) cache-control: max-age=0
[id=16] [510.104] recv (stream_id=1) sec-ch-ua: "Chromium";v="124", "Google Chrome";v="124", "Not-A.Brand";v="99"
[id=16] [510.104] recv (stream_id=1) sec-ch-ua-mobile: ?0
[id=16] [510.104] recv (stream_id=1) sec-ch-ua-platform: "macOS"
[id=16] [510.104] recv (stream_id=1) upgrade-insecure-requests: 1
[id=16] [510.104] recv (stream_id=1) user-agent: Mozilla/5.0 (Macintosh; Intel Mac OS X 10_15_7) AppleWebKit/537.36 (KHTML, like Gecko) Chrome/124.0.0.0 Safari/537.36
[id=16] [510.104] recv (stream_id=1) accept: text/html,application/xhtml+xml,application/xml;q=0.9,image/avif,image/webp,image/apng,*/*;q=0.8,application/signed-exchange;v=b3;q=0.7
[id=16] [510.104] recv (stream_id=1) sec-fetch-site: none
[id=16] [510.104] recv (stream_id=1) sec-fetch-mode: navigate
[id=16] [510.104] recv (stream_id=1) sec-fetch-user: ?1
[id=16] [510.104] recv (stream_id=1) sec-fetch-dest: document
[id=16] [510.104] recv (stream_id=1) accept-encoding: gzip, deflate, br, zstd
[id=16] [510.104] recv (stream_id=1) accept-language: en-US,en;q=0.9
[id=16] [510.104] recv (stream_id=1) priority: u=0, i
[id=16] [510.104] recv HEADERS frame <length=469, flags=0x25, stream_id=1>
          ; END_STREAM | END_HEADERS | PRIORITY
          (padlen=0, dep_stream_id=0, weight=256, exclusive=1)
          ; Open new stream
[id=16] [510.104] send HEADERS frame <length=72, flags=0x04, stream_id=1>
          ; END_HEADERS
          (padlen=0)
          ; First response header
          :status: 404
          server: nghttpd nghttp2/1.47.0
          date: Wed, 17 Apr 2024 09:56:10 GMT
          content-type: text/html; charset=UTF-8
          content-length: 147
[id=16] [510.105] send DATA frame <length=147, flags=0x01, stream_id=1>
          ; END_STREAM
[id=16] [510.105] stream_id=1 closed
[id=16] [510.105] recv SETTINGS frame <length=0, flags=0x01, stream_id=0>
          ; ACK
          (niv=0)
[id=16] [510.128] recv (stream_id=3) :method: GET
[id=16] [510.131] recv (stream_id=3) :authority: 17.87.102.238:8443
[id=16] [510.131] recv (stream_id=3) :scheme: https
[id=16] [510.131] recv (stream_id=3) :path: /favicon.ico
[id=16] [510.131] recv (stream_id=3) sec-ch-ua: "Chromium";v="124", "Google Chrome";v="124", "Not-A.Brand";v="99"
[id=16] [510.131] recv (stream_id=3) sec-ch-ua-mobile: ?0
[id=16] [510.131] recv (stream_id=3) user-agent: Mozilla/5.0 (Macintosh; Intel Mac OS X 10_15_7) AppleWebKit/537.36 (KHTML, like Gecko) Chrome/124.0.0.0 Safari/537.36
[id=16] [510.131] recv (stream_id=3) sec-ch-ua-platform: "macOS"
[id=16] [510.131] recv (stream_id=3) accept: image/avif,image/webp,image/apng,image/svg+xml,image/*,*/*;q=0.8
[id=16] [510.131] recv (stream_id=3) sec-fetch-site: same-origin
[id=16] [510.131] recv (stream_id=3) sec-fetch-mode: no-cors
[id=16] [510.131] recv (stream_id=3) sec-fetch-dest: image
[id=16] [510.131] recv (stream_id=3) referer: https://17.87.102.238:8443/
[id=16] [510.131] recv (stream_id=3) accept-encoding: gzip, deflate, br, zstd
[id=16] [510.131] recv (stream_id=3) accept-language: en-US,en;q=0.9
[id=16] [510.132] recv (stream_id=3) priority: u=1, i
[id=16] [510.132] recv HEADERS frame <length=132, flags=0x25, stream_id=3>
          ; END_STREAM | END_HEADERS | PRIORITY
          (padlen=0, dep_stream_id=0, weight=220, exclusive=1)
          ; Open new stream
[id=16] [510.132] send HEADERS frame <length=10, flags=0x04, stream_id=3>
          ; END_HEADERS
          (padlen=0)
          ; First response header
          :status: 404
          server: nghttpd nghttp2/1.47.0
          date: Wed, 17 Apr 2024 09:56:10 GMT
          content-type: text/html; charset=UTF-8
          content-length: 147
[id=16] [510.132] send DATA frame <length=147, flags=0x01, stream_id=3>
          ; END_STREAM
[id=16] [510.132] stream_id=3 closed
[id=16] [863.863] recv (stream_id=5) :method: GET
[id=16] [863.864] recv (stream_id=5) :authority: 17.87.102.238:8443
[id=16] [863.864] recv (stream_id=5) :scheme: https
[id=16] [863.864] recv (stream_id=5) :path: /
[id=16] [863.864] recv (stream_id=5) cache-control: max-age=0
[id=16] [863.864] recv (stream_id=5) sec-ch-ua: "Chromium";v="124", "Google Chrome";v="124", "Not-A.Brand";v="99"
[id=16] [863.864] recv (stream_id=5) sec-ch-ua-mobile: ?0
[id=16] [863.864] recv (stream_id=5) sec-ch-ua-platform: "macOS"
[id=16] [863.864] recv (stream_id=5) upgrade-insecure-requests: 1
[id=16] [863.864] recv (stream_id=5) user-agent: Mozilla/5.0 (Macintosh; Intel Mac OS X 10_15_7) AppleWebKit/537.36 (KHTML, like Gecko) Chrome/124.0.0.0 Safari/537.36
[id=16] [863.864] recv (stream_id=5) accept: text/html,application/xhtml+xml,application/xml;q=0.9,image/avif,image/webp,image/apng,*/*;q=0.8,application/signed-exchange;v=b3;q=0.7
[id=16] [863.864] recv (stream_id=5) sec-fetch-site: none
[id=16] [863.864] recv (stream_id=5) sec-fetch-mode: navigate
[id=16] [863.864] recv (stream_id=5) sec-fetch-user: ?1
[id=16] [863.864] recv (stream_id=5) sec-fetch-dest: document
[id=16] [863.864] recv (stream_id=5) accept-encoding: gzip, deflate, br, zstd
[id=16] [863.864] recv (stream_id=5) accept-language: en-US,en;q=0.9
[id=16] [863.864] recv (stream_id=5) priority: u=0, i
[id=16] [863.864] recv HEADERS frame <length=23, flags=0x25, stream_id=5>
          ; END_STREAM | END_HEADERS | PRIORITY
          (padlen=0, dep_stream_id=0, weight=256, exclusive=1)
          ; Open new stream
[id=16] [863.864] send HEADERS frame <length=33, flags=0x04, stream_id=5>
          ; END_HEADERS
          (padlen=0)
          ; First response header
          :status: 404
          server: nghttpd nghttp2/1.47.0
          date: Wed, 17 Apr 2024 10:02:04 GMT
          content-type: text/html; charset=UTF-8
          content-length: 147
[id=16] [863.864] send DATA frame <length=147, flags=0x01, stream_id=5>
          ; END_STREAM
[id=16] [863.865] stream_id=5 closed
[id=16] [863.865] recv PING frame <length=8, flags=0x00, stream_id=0>
          (opaque_data=0000000000000001)
[id=16] [863.868] send PING frame <length=8, flags=0x01, stream_id=0>
          ; ACK
          (opaque_data=0000000000000001)
[id=16] [863.870] recv WINDOW_UPDATE frame <length=4, flags=0x00, stream_id=0>
          (window_size_increment=441)
[id=16] [888.685] closed
[id=2] [893.963] recv (stream_id=33) :method: GET
[id=2] [893.964] recv (stream_id=33) :authority: 17.87.102.238:8443
[id=2] [893.964] recv (stream_id=33) :scheme: https
[id=2] [893.964] recv (stream_id=33) :path: /
[id=2] [893.964] recv (stream_id=33) sec-ch-ua: "Chromium";v="124", "Google Chrome";v="124", "Not-A.Brand";v="99"
[id=2] [893.964] recv (stream_id=33) sec-ch-ua-mobile: ?0
[id=2] [893.964] recv (stream_id=33) sec-ch-ua-platform: "macOS"
[id=2] [893.964] recv (stream_id=33) dnt: 1
[id=2] [893.964] recv (stream_id=33) upgrade-insecure-requests: 1
[id=2] [893.964] recv (stream_id=33) user-agent: Mozilla/5.0 (Macintosh; Intel Mac OS X 10_15_7) AppleWebKit/537.36 (KHTML, like Gecko) Chrome/124.0.0.0 Safari/537.36
[id=2] [893.964] recv (stream_id=33) accept: text/html,application/xhtml+xml,application/xml;q=0.9,image/avif,image/webp,image/apng,*/*;q=0.8,application/signed-exchange;v=b3;q=0.7
[id=2] [893.964] recv (stream_id=33) sec-fetch-site: none
[id=2] [893.964] recv (stream_id=33) sec-fetch-mode: navigate
[id=2] [893.964] recv (stream_id=33) sec-fetch-user: ?1
[id=2] [893.964] recv (stream_id=33) sec-fetch-dest: document
[id=2] [893.964] recv (stream_id=33) accept-encoding: gzip, deflate, br, zstd
[id=2] [893.964] recv (stream_id=33) accept-language: en,zh-CN;q=0.9,zh-TW;q=0.8,zh;q=0.7
[id=2] [893.964] recv (stream_id=33) priority: u=0, i
[id=2] [893.964] recv HEADERS frame <length=23, flags=0x25, stream_id=33>
          ; END_STREAM | END_HEADERS | PRIORITY
          (padlen=0, dep_stream_id=0, weight=256, exclusive=1)
          ; Open new stream
[id=2] [893.964] send HEADERS frame <length=33, flags=0x04, stream_id=33>
          ; END_HEADERS
          (padlen=0)
          ; First response header
          :status: 404
          server: nghttpd nghttp2/1.47.0
          date: Wed, 17 Apr 2024 10:02:34 GMT
          content-type: text/html; charset=UTF-8
          content-length: 147
[id=2] [893.964] send DATA frame <length=147, flags=0x01, stream_id=33>
          ; END_STREAM
[id=2] [893.964] stream_id=33 closed
[id=2] [893.965] recv PING frame <length=8, flags=0x00, stream_id=0>
          (opaque_data=0000000000000004)
[id=2] [893.965] send PING frame <length=8, flags=0x01, stream_id=0>
          ; ACK
          (opaque_data=0000000000000004)
[id=2] [893.983] recv WINDOW_UPDATE frame <length=4, flags=0x00, stream_id=0>
          (window_size_increment=147)
[ALPN] client offers:
 * h2
 * http/1.1
[ALPN] client offers:
 * h2
 * http/1.1
[id=17] [922.932] closed
[ALPN] client offers:
 * h2
 * http/1.1
[ALPN] client offers:
 * h2
 * http/1.1
[id=18] [927.208] closed
[ALPN] client offers:
 * h2
 * http/1.1
[ALPN] client offers:
 * h2
 * http/1.1
The negotiated protocol: h2
[id=19] [927.217] send SETTINGS frame <length=6, flags=0x00, stream_id=0>
          (niv=1)
          [SETTINGS_MAX_CONCURRENT_STREAMS(0x03):100]
[id=19] [927.218] recv SETTINGS frame <length=24, flags=0x00, stream_id=0>
          (niv=4)
          [SETTINGS_HEADER_TABLE_SIZE(0x01):65536]
          [SETTINGS_ENABLE_PUSH(0x02):0]
          [SETTINGS_INITIAL_WINDOW_SIZE(0x04):6291456]
          [SETTINGS_MAX_HEADER_LIST_SIZE(0x06):262144]
[id=19] [927.218] recv WINDOW_UPDATE frame <length=4, flags=0x00, stream_id=0>
          (window_size_increment=15663105)
[id=19] [927.218] send SETTINGS frame <length=0, flags=0x01, stream_id=0>
          ; ACK
          (niv=0)
[id=19] [927.218] recv (stream_id=1) :method: GET
[id=19] [927.218] recv (stream_id=1) :authority: 17.87.102.238:8443
[id=19] [927.218] recv (stream_id=1) :scheme: https
[id=19] [927.218] recv (stream_id=1) :path: /
[id=19] [927.219] recv (stream_id=1) cache-control: max-age=0
[id=19] [927.219] recv (stream_id=1) sec-ch-ua: "Chromium";v="124", "Google Chrome";v="124", "Not-A.Brand";v="99"
[id=19] [927.219] recv (stream_id=1) sec-ch-ua-mobile: ?0
[id=19] [927.219] recv (stream_id=1) sec-ch-ua-platform: "macOS"
[id=19] [927.219] recv (stream_id=1) upgrade-insecure-requests: 1
[id=19] [927.219] recv (stream_id=1) user-agent: Mozilla/5.0 (Macintosh; Intel Mac OS X 10_15_7) AppleWebKit/537.36 (KHTML, like Gecko) Chrome/124.0.0.0 Safari/537.36
[id=19] [927.219] recv (stream_id=1) accept: text/html,application/xhtml+xml,application/xml;q=0.9,image/avif,image/webp,image/apng,*/*;q=0.8,application/signed-exchange;v=b3;q=0.7
[id=19] [927.219] recv (stream_id=1) sec-fetch-site: none
[id=19] [927.219] recv (stream_id=1) sec-fetch-mode: navigate
[id=19] [927.219] recv (stream_id=1) sec-fetch-user: ?1
[id=19] [927.219] recv (stream_id=1) sec-fetch-dest: document
[id=19] [927.219] recv (stream_id=1) accept-encoding: gzip, deflate, br, zstd
[id=19] [927.219] recv (stream_id=1) accept-language: en-US,en;q=0.9
[id=19] [927.219] recv (stream_id=1) priority: u=0, i
[id=19] [927.219] recv HEADERS frame <length=469, flags=0x25, stream_id=1>
          ; END_STREAM | END_HEADERS | PRIORITY
          (padlen=0, dep_stream_id=0, weight=256, exclusive=1)
          ; Open new stream
[id=19] [927.219] send HEADERS frame <length=72, flags=0x04, stream_id=1>
          ; END_HEADERS
          (padlen=0)
          ; First response header
          :status: 404
          server: nghttpd nghttp2/1.47.0
          date: Wed, 17 Apr 2024 10:03:07 GMT
          content-type: text/html; charset=UTF-8
          content-length: 147
[id=19] [927.219] send DATA frame <length=147, flags=0x01, stream_id=1>
          ; END_STREAM
[id=19] [927.219] stream_id=1 closed
[id=19] [927.219] recv SETTINGS frame <length=0, flags=0x01, stream_id=0>
          ; ACK
          (niv=0)
[id=19] [1542.740] closed
[id=2] [1542.741] closed
