IPv6: listen :::8443
IPv4: listen 0.0.0.0:8443
[ALPN] client offers:
 * h2
 * http/1.1
[ALPN] client offers:
 * h2
 * http/1.1
[id=1] [ 37.272] closed
[ALPN] client offers:
 * h2
 * http/1.1
[ALPN] client offers:
 * h2
 * http/1.1
[id=2] [ 37.341] closed
[ALPN] client offers:
 * h2
 * http/1.1
[ALPN] client offers:
 * h2
 * http/1.1
The negotiated protocol: h2
[id=3] [ 46.850] send SETTINGS frame <length=6, flags=0x00, stream_id=0>
          (niv=1)
          [SETTINGS_MAX_CONCURRENT_STREAMS(0x03):100]
[id=3] [ 46.850] recv SETTINGS frame <length=18, flags=0x00, stream_id=0>
          (niv=3)
          [SETTINGS_ENABLE_PUSH(0x02):0]
          [SETTINGS_INITIAL_WINDOW_SIZE(0x04):2097152]
          [SETTINGS_MAX_CONCURRENT_STREAMS(0x03):100]
[id=3] [ 46.850] recv WINDOW_UPDATE frame <length=4, flags=0x00, stream_id=0>
          (window_size_increment=10485760)
[id=3] [ 46.850] recv (stream_id=1) :method: GET
[id=3] [ 46.850] recv (stream_id=1) :scheme: https
[id=3] [ 46.850] recv (stream_id=1) :path: /
[id=3] [ 46.851] recv (stream_id=1) :authority: 0.0.0.0:8443
[id=3] [ 46.851] recv (stream_id=1) accept: text/html,application/xhtml+xml,application/xml;q=0.9,*/*;q=0.8
[id=3] [ 46.851] recv (stream_id=1) sec-fetch-site: cross-site
[id=3] [ 46.851] recv (stream_id=1) sec-fetch-dest: document
[id=3] [ 46.851] recv (stream_id=1) accept-language: zh-CN,zh-Hans;q=0.9
[id=3] [ 46.851] recv (stream_id=1) sec-fetch-mode: navigate
[id=3] [ 46.851] recv (stream_id=1) user-agent: Mozilla/5.0 (iPhone; CPU iPhone OS 17_2 like Mac OS X) AppleWebKit/605.1.15 (KHTML, like Gecko) Version/17.2 Mobile/15E148 Safari/604.1
[id=3] [ 46.851] recv (stream_id=1) referer: 
[id=3] [ 46.851] recv (stream_id=1) accept-encoding: gzip, deflate, br
[id=3] [ 46.851] recv HEADERS frame <length=269, flags=0x25, stream_id=1>
          ; END_STREAM | END_HEADERS | PRIORITY
          (padlen=0, dep_stream_id=0, weight=255, exclusive=0)
          ; Open new stream
[id=3] [ 46.851] send SETTINGS frame <length=0, flags=0x01, stream_id=0>
          ; ACK
          (niv=0)
[id=3] [ 46.851] send HEADERS frame <length=69, flags=0x04, stream_id=1>
          ; END_HEADERS
          (padlen=0)
          ; First response header
          :status: 404
          server: nghttpd nghttp2/1.58.0
          date: Mon, 18 Dec 2023 07:37:04 GMT
          content-type: text/html; charset=UTF-8
          content-length: 147
[id=3] [ 46.851] send DATA frame <length=147, flags=0x01, stream_id=1>
          ; END_STREAM
[id=3] [ 46.851] stream_id=1 closed
[id=3] [ 46.853] recv SETTINGS frame <length=0, flags=0x01, stream_id=0>
          ; ACK
          (niv=0)
