IPv4: listen 0.0.0.0:8443
IPv6: listen :::8443
[ALPN] client offers:
 * h2
 * http/1.1
[ALPN] client offers:
 * h2
 * http/1.1
The negotiated protocol: h2
[id=1] [  2.867] send SETTINGS frame <length=6, flags=0x00, stream_id=0>
          (niv=1)
          [SETTINGS_MAX_CONCURRENT_STREAMS(0x03):100]
[id=1] [  2.868] recv SETTINGS frame <length=18, flags=0x00, stream_id=0>
          (niv=3)
          [SETTINGS_ENABLE_PUSH(0x02):0]
          [SETTINGS_INITIAL_WINDOW_SIZE(0x04):4194304]
          [SETTINGS_MAX_CONCURRENT_STREAMS(0x03):100]
[id=1] [  2.871] recv WINDOW_UPDATE frame <length=4, flags=0x00, stream_id=0>
          (window_size_increment=10485760)
[id=1] [  2.873] send SETTINGS frame <length=0, flags=0x01, stream_id=0>
          ; ACK
          (niv=0)
[id=1] [  2.874] recv SETTINGS frame <length=0, flags=0x01, stream_id=0>
          ; ACK
          (niv=0)
[id=1] [  2.874] recv (stream_id=1) :method: GET
[id=1] [  2.874] recv (stream_id=1) :scheme: https
[id=1] [  2.875] recv (stream_id=1) :path: /
[id=1] [  2.876] recv (stream_id=1) :authority: 192.168.65.3:8443
[id=1] [  2.877] recv (stream_id=1) accept: text/html,application/xhtml+xml,application/xml;q=0.9,*/*;q=0.8
[id=1] [  2.877] recv (stream_id=1) sec-fetch-site: none
[id=1] [  2.878] recv (stream_id=1) accept-encoding: gzip, deflate, br
[id=1] [  2.878] recv (stream_id=1) sec-fetch-mode: navigate
[id=1] [  2.878] recv (stream_id=1) user-agent: Mozilla/5.0 (Macintosh; Intel Mac OS X 10_15_7) AppleWebKit/605.1.15 (KHTML, like Gecko) Version/17.0 Safari/605.1.15
[id=1] [  2.878] recv (stream_id=1) accept-language: en-US,en;q=0.9
[id=1] [  2.878] recv (stream_id=1) sec-fetch-dest: document
[id=1] [  2.878] recv HEADERS frame <length=245, flags=0x25, stream_id=1>
          ; END_STREAM | END_HEADERS | PRIORITY
          (padlen=0, dep_stream_id=0, weight=255, exclusive=0)
          ; Open new stream
[id=1] [  2.879] send HEADERS frame <length=69, flags=0x04, stream_id=1>
          ; END_HEADERS
          (padlen=0)
          ; First response header
          :status: 404
          server: nghttpd nghttp2/1.43.0
          date: Sun, 31 Dec 2023 02:31:12 GMT
          content-type: text/html; charset=UTF-8
          content-length: 147
[id=1] [  2.879] send DATA frame <length=147, flags=0x01, stream_id=1>
          ; END_STREAM
[id=1] [  2.879] stream_id=1 closed
[id=1] [  2.927] recv (stream_id=3) :method: GET
[id=1] [  2.929] recv (stream_id=3) :scheme: https
[id=1] [  2.961] recv (stream_id=3) :path: /favicon.ico
[id=1] [  2.970] recv (stream_id=3) :authority: 192.168.65.3:8443
[id=1] [  2.970] recv (stream_id=3) accept: */*
[id=1] [  2.971] recv (stream_id=3) sec-fetch-site: same-origin
[id=1] [  2.971] recv (stream_id=3) sec-fetch-dest: image
[id=1] [  2.971] recv (stream_id=3) accept-language: en-US,en;q=0.9
[id=1] [  2.972] recv (stream_id=3) sec-fetch-mode: no-cors
[id=1] [  2.972] recv (stream_id=3) user-agent: Mozilla/5.0 (Macintosh; Intel Mac OS X 10_15_7) AppleWebKit/605.1.15 (KHTML, like Gecko) Version/17.0 Safari/605.1.15
[id=1] [  2.972] recv (stream_id=3) referer: https://192.168.65.3:8443/
[id=1] [  2.973] recv (stream_id=3) accept-encoding: gzip, deflate, br
[id=1] [  2.973] recv HEADERS frame <length=69, flags=0x05, stream_id=3>
          ; END_STREAM | END_HEADERS
          (padlen=0)
          ; Open new stream
[id=1] [  2.974] send HEADERS frame <length=10, flags=0x04, stream_id=3>
          ; END_HEADERS
          (padlen=0)
          ; First response header
          :status: 404
          server: nghttpd nghttp2/1.43.0
          date: Sun, 31 Dec 2023 02:31:12 GMT
          content-type: text/html; charset=UTF-8
          content-length: 147
[id=1] [  2.974] send DATA frame <length=147, flags=0x01, stream_id=3>
          ; END_STREAM
[id=1] [  2.974] stream_id=3 closed
[id=1] [123.346] recv GOAWAY frame <length=8, flags=0x00, stream_id=0>
          (last_stream_id=0, error_code=NO_ERROR(0x00), opaque_data(0)=[])
[id=1] [123.347] closed
